13:15:53,527 (main) INFO  [DataNucleus.SchemaTool] - DataNucleus SchemaTool : Creación del esquema para clases
13:15:53,527 (main) INFO  [DataNucleus.SchemaTool] - DataNucleus SchemaTool : Classpath
13:15:53,527 (main) INFO  [DataNucleus.SchemaTool] - >>  C:\Users\Carlos\.m2\repository\org\datanucleus\datanucleus-maven-plugin\5.0.2\datanucleus-maven-plugin-5.0.2.jar
13:15:53,527 (main) INFO  [DataNucleus.SchemaTool] - >>  C:\Users\Carlos\.m2\repository\org\codehaus\plexus\plexus-utils\3.0.8\plexus-utils-3.0.8.jar
13:15:53,527 (main) INFO  [DataNucleus.SchemaTool] - >>  C:\Users\Carlos\.m2\repository\org\apache\maven\maven-artifact\3.0.4\maven-artifact-3.0.4.jar
13:15:53,527 (main) INFO  [DataNucleus.SchemaTool] - >>  C:\Users\Carlos\.m2\repository\org\apache\maven\maven-plugin-api\3.0.4\maven-plugin-api-3.0.4.jar
13:15:53,527 (main) INFO  [DataNucleus.SchemaTool] - >>  C:\Users\Carlos\.m2\repository\org\apache\maven\maven-model\3.0.4\maven-model-3.0.4.jar
13:15:53,527 (main) INFO  [DataNucleus.SchemaTool] - >>  C:\Users\Carlos\.m2\repository\org\sonatype\sisu\sisu-inject-plexus\2.3.0\sisu-inject-plexus-2.3.0.jar
13:15:53,527 (main) INFO  [DataNucleus.SchemaTool] - >>  C:\Users\Carlos\.m2\repository\org\codehaus\plexus\plexus-component-annotations\1.5.5\plexus-component-annotations-1.5.5.jar
13:15:53,527 (main) INFO  [DataNucleus.SchemaTool] - >>  C:\Users\Carlos\.m2\repository\org\sonatype\sisu\sisu-inject-bean\2.3.0\sisu-inject-bean-2.3.0.jar
13:15:53,527 (main) INFO  [DataNucleus.SchemaTool] - >>  C:\Users\Carlos\.m2\repository\org\sonatype\sisu\sisu-guice\3.1.0\sisu-guice-3.1.0-no_aop.jar
13:15:53,542 (main) INFO  [DataNucleus.SchemaTool] - >>  C:\Users\Carlos\.m2\repository\org\sonatype\sisu\sisu-guava\0.9.9\sisu-guava-0.9.9.jar
13:15:53,542 (main) INFO  [DataNucleus.SchemaTool] - >>  C:\Users\Carlos\.m2\repository\org\codehaus\plexus\plexus-container-default\1.5.5\plexus-container-default-1.5.5.jar
13:15:53,542 (main) INFO  [DataNucleus.SchemaTool] - >>  C:\Users\Carlos\.m2\repository\org\codehaus\plexus\plexus-classworlds\2.2.2\plexus-classworlds-2.2.2.jar
13:15:53,542 (main) INFO  [DataNucleus.SchemaTool] - >>  C:\Users\Carlos\.m2\repository\org\apache\xbean\xbean-reflect\3.4\xbean-reflect-3.4.jar
13:15:53,542 (main) INFO  [DataNucleus.SchemaTool] - >>  C:\Users\Carlos\.m2\repository\log4j\log4j\1.2.12\log4j-1.2.12.jar
13:15:53,542 (main) INFO  [DataNucleus.SchemaTool] - >>  C:\Users\Carlos\.m2\repository\commons-logging\commons-logging-api\1.1\commons-logging-api-1.1.jar
13:15:53,542 (main) INFO  [DataNucleus.SchemaTool] - >>  C:\Users\Carlos\.m2\repository\com\google\collections\google-collections\1.0\google-collections-1.0.jar
13:15:53,542 (main) INFO  [DataNucleus.SchemaTool] - >>  C:\Users\Carlos\.m2\repository\junit\junit\3.8.2\junit-3.8.2.jar
13:15:53,542 (main) INFO  [DataNucleus.SchemaTool] - >>  C:\Users\Carlos\Documents\proyectoSoftware\deustoReventa\target\classes
13:15:53,543 (main) INFO  [DataNucleus.SchemaTool] - >>  C:\Users\Carlos\.m2\repository\org\datanucleus\datanucleus-core\5.2.10\datanucleus-core-5.2.10.jar
13:15:53,543 (main) INFO  [DataNucleus.SchemaTool] - >>  C:\Users\Carlos\.m2\repository\org\datanucleus\datanucleus-api-jdo\5.2.8\datanucleus-api-jdo-5.2.8.jar
13:15:53,543 (main) INFO  [DataNucleus.SchemaTool] - >>  C:\Users\Carlos\.m2\repository\log4j\log4j\1.2.17\log4j-1.2.17.jar
13:15:53,543 (main) INFO  [DataNucleus.SchemaTool] - >>  C:\Users\Carlos\.m2\repository\org\datanucleus\javax.jdo\3.2.0-release\javax.jdo-3.2.0-release.jar
13:15:53,543 (main) INFO  [DataNucleus.SchemaTool] - >>  C:\Users\Carlos\.m2\repository\javax\transaction\javax.transaction-api\1.3\javax.transaction-api-1.3.jar
13:15:53,543 (main) INFO  [DataNucleus.SchemaTool] - >>  C:\Users\Carlos\.m2\repository\org\glassfish\corba\glassfish-corba-omgapi\4.2.2\glassfish-corba-omgapi-4.2.2.jar
13:15:53,543 (main) INFO  [DataNucleus.SchemaTool] - >>  C:\Users\Carlos\.m2\repository\org\datanucleus\datanucleus-rdbms\5.2.10\datanucleus-rdbms-5.2.10.jar
13:15:53,543 (main) INFO  [DataNucleus.SchemaTool] - >>  C:\Users\Carlos\.m2\repository\mysql\mysql-connector-java\5.1.17\mysql-connector-java-5.1.17.jar
13:15:53,552 (main) DEBUG [DataNucleus.General] - Using PluginRegistry org.datanucleus.plugin.NonManagedPluginRegistry
13:15:53,571 (main) DEBUG [DataNucleus.General] - Registering bundle org.sonatype.inject version 2.3.0 at URL file:/C:/Users/Carlos/.m2/repository/org/sonatype/sisu/sisu-inject-bean/2.3.0/sisu-inject-bean-2.3.0.jar.
13:15:53,571 (main) DEBUG [DataNucleus.General] - Leyendo extension-points y extensiones del archivo de plug-in jar:file:/C:/Users/Carlos/.m2/repository/org/sonatype/sisu/sisu-inject-bean/2.3.0/sisu-inject-bean-2.3.0.jar!/plugin.xml.
13:15:53,571 (main) DEBUG [DataNucleus.General] - Registering bundle org.datanucleus version 5.2.10 at URL file:/C:/Users/Carlos/.m2/repository/org/datanucleus/datanucleus-core/5.2.10/datanucleus-core-5.2.10.jar.
13:15:53,571 (main) DEBUG [DataNucleus.General] - Leyendo extension-points y extensiones del archivo de plug-in jar:file:/C:/Users/Carlos/.m2/repository/org/datanucleus/datanucleus-core/5.2.10/datanucleus-core-5.2.10.jar!/plugin.xml.
13:15:53,586 (main) DEBUG [DataNucleus.General] - Registering bundle org.datanucleus.api.jdo version 5.2.8 at URL file:/C:/Users/Carlos/.m2/repository/org/datanucleus/datanucleus-api-jdo/5.2.8/datanucleus-api-jdo-5.2.8.jar.
13:15:53,586 (main) DEBUG [DataNucleus.General] - Leyendo extension-points y extensiones del archivo de plug-in jar:file:/C:/Users/Carlos/.m2/repository/org/datanucleus/datanucleus-api-jdo/5.2.8/datanucleus-api-jdo-5.2.8.jar!/plugin.xml.
13:15:53,586 (main) DEBUG [DataNucleus.General] - Registering bundle org.datanucleus.store.rdbms version 5.2.10 at URL file:/C:/Users/Carlos/.m2/repository/org/datanucleus/datanucleus-rdbms/5.2.10/datanucleus-rdbms-5.2.10.jar.
13:15:53,586 (main) DEBUG [DataNucleus.General] - Leyendo extension-points y extensiones del archivo de plug-in jar:file:/C:/Users/Carlos/.m2/repository/org/datanucleus/datanucleus-rdbms/5.2.10/datanucleus-rdbms-5.2.10.jar!/plugin.xml.
13:15:53,602 (main) INFO  [DataNucleus.Persistence] - Propiedad datanucleus.validateconstraints desconocida - vamos a ignorarla
13:15:53,602 (main) INFO  [DataNucleus.Persistence] - Propiedad datanucleus.metadata.validate desconocida - vamos a ignorarla
13:15:53,602 (main) INFO  [DataNucleus.Persistence] - Propiedad datanucleus.validatetables desconocida - vamos a ignorarla
13:15:53,602 (main) DEBUG [DataNucleus.Datastore] - Creating StoreManager for datastore
13:15:53,618 (main) ERROR [DataNucleus.Datastore] - Exception thrown creating StoreManager : La clase del driver para su base de datos ("com.mysql.cj.jdbc.Driver") no se encuentra en el CLASSPATH. Por favor, compruebe que el CLASSPATH es correcto, y que también lo es el nombre de la clase del driver JDBC.
13:15:53,618 (main) ERROR [DataNucleus.SchemaTool] - Error creating NucleusContext
Error creating transactional connection factory
org.datanucleus.exceptions.NucleusException: Error creating transactional connection factory
	at org.datanucleus.store.connection.ConnectionManagerImpl.<init>(ConnectionManagerImpl.java:116)
	at org.datanucleus.store.AbstractStoreManager.registerConnectionMgr(AbstractStoreManager.java:168)
	at org.datanucleus.store.AbstractStoreManager.<init>(AbstractStoreManager.java:149)
	at org.datanucleus.store.rdbms.RDBMSStoreManager.<init>(RDBMSStoreManager.java:278)
	at java.base/jdk.internal.reflect.NativeConstructorAccessorImpl.newInstance0(Native Method)
	at java.base/jdk.internal.reflect.NativeConstructorAccessorImpl.newInstance(NativeConstructorAccessorImpl.java:77)
	at java.base/jdk.internal.reflect.DelegatingConstructorAccessorImpl.newInstance(DelegatingConstructorAccessorImpl.java:45)
	at java.base/java.lang.reflect.Constructor.newInstanceWithCaller(Constructor.java:499)
	at java.base/java.lang.reflect.Constructor.newInstance(Constructor.java:480)
	at org.datanucleus.plugin.NonManagedPluginRegistry.createExecutableExtension(NonManagedPluginRegistry.java:651)
	at org.datanucleus.plugin.PluginManager.createExecutableExtension(PluginManager.java:295)
	at org.datanucleus.NucleusContextHelper.createStoreManagerForProperties(NucleusContextHelper.java:140)
	at org.datanucleus.PersistenceNucleusContextImpl.initialise(PersistenceNucleusContextImpl.java:447)
	at org.datanucleus.store.schema.SchemaTool.getNucleusContextForMode(SchemaTool.java:728)
	at org.datanucleus.store.schema.SchemaTool.main(SchemaTool.java:299)
Caused by: java.lang.reflect.InvocationTargetException
	at java.base/jdk.internal.reflect.NativeConstructorAccessorImpl.newInstance0(Native Method)
	at java.base/jdk.internal.reflect.NativeConstructorAccessorImpl.newInstance(NativeConstructorAccessorImpl.java:77)
	at java.base/jdk.internal.reflect.DelegatingConstructorAccessorImpl.newInstance(DelegatingConstructorAccessorImpl.java:45)
	at java.base/java.lang.reflect.Constructor.newInstanceWithCaller(Constructor.java:499)
	at java.base/java.lang.reflect.Constructor.newInstance(Constructor.java:480)
	at org.datanucleus.plugin.NonManagedPluginRegistry.createExecutableExtension(NonManagedPluginRegistry.java:651)
	at org.datanucleus.plugin.PluginManager.createExecutableExtension(PluginManager.java:321)
	at org.datanucleus.store.connection.ConnectionManagerImpl.<init>(ConnectionManagerImpl.java:99)
	... 14 more
Caused by: org.datanucleus.exceptions.NucleusException: Ocurrió un error al intentar usar el plugin "dbcp2-builtin" por crear una pool de conexiones: La clase del driver para su base de datos ("com.mysql.cj.jdbc.Driver") no se encuentra en el CLASSPATH. Por favor, compruebe que el CLASSPATH es correcto, y que también lo es el nombre de la clase del driver JDBC.
	at org.datanucleus.store.rdbms.ConnectionFactoryImpl.generateDataSource(ConnectionFactoryImpl.java:273)
	at org.datanucleus.store.rdbms.ConnectionFactoryImpl.initialiseDataSource(ConnectionFactoryImpl.java:126)
	at org.datanucleus.store.rdbms.ConnectionFactoryImpl.<init>(ConnectionFactoryImpl.java:91)
	... 22 more
Caused by: org.datanucleus.store.rdbms.connectionpool.DatastoreDriverNotFoundException: La clase del driver para su base de datos ("com.mysql.cj.jdbc.Driver") no se encuentra en el CLASSPATH. Por favor, compruebe que el CLASSPATH es correcto, y que también lo es el nombre de la clase del driver JDBC.
	at org.datanucleus.store.rdbms.connectionpool.AbstractConnectionPoolFactory.loadDriver(AbstractConnectionPoolFactory.java:58)
	at org.datanucleus.store.rdbms.connectionpool.DBCP2BuiltinConnectionPoolFactory.createConnectionPool(DBCP2BuiltinConnectionPoolFactory.java:50)
	at org.datanucleus.store.rdbms.ConnectionFactoryImpl.generateDataSource(ConnectionFactoryImpl.java:254)
	... 24 more
Nested Throwables StackTrace:
java.lang.reflect.InvocationTargetException
	at java.base/jdk.internal.reflect.NativeConstructorAccessorImpl.newInstance0(Native Method)
	at java.base/jdk.internal.reflect.NativeConstructorAccessorImpl.newInstance(NativeConstructorAccessorImpl.java:77)
	at java.base/jdk.internal.reflect.DelegatingConstructorAccessorImpl.newInstance(DelegatingConstructorAccessorImpl.java:45)
	at java.base/java.lang.reflect.Constructor.newInstanceWithCaller(Constructor.java:499)
	at java.base/java.lang.reflect.Constructor.newInstance(Constructor.java:480)
	at org.datanucleus.plugin.NonManagedPluginRegistry.createExecutableExtension(NonManagedPluginRegistry.java:651)
	at org.datanucleus.plugin.PluginManager.createExecutableExtension(PluginManager.java:321)
	at org.datanucleus.store.connection.ConnectionManagerImpl.<init>(ConnectionManagerImpl.java:99)
	at org.datanucleus.store.AbstractStoreManager.registerConnectionMgr(AbstractStoreManager.java:168)
	at org.datanucleus.store.AbstractStoreManager.<init>(AbstractStoreManager.java:149)
	at org.datanucleus.store.rdbms.RDBMSStoreManager.<init>(RDBMSStoreManager.java:278)
	at java.base/jdk.internal.reflect.NativeConstructorAccessorImpl.newInstance0(Native Method)
	at java.base/jdk.internal.reflect.NativeConstructorAccessorImpl.newInstance(NativeConstructorAccessorImpl.java:77)
	at java.base/jdk.internal.reflect.DelegatingConstructorAccessorImpl.newInstance(DelegatingConstructorAccessorImpl.java:45)
	at java.base/java.lang.reflect.Constructor.newInstanceWithCaller(Constructor.java:499)
	at java.base/java.lang.reflect.Constructor.newInstance(Constructor.java:480)
	at org.datanucleus.plugin.NonManagedPluginRegistry.createExecutableExtension(NonManagedPluginRegistry.java:651)
	at org.datanucleus.plugin.PluginManager.createExecutableExtension(PluginManager.java:295)
	at org.datanucleus.NucleusContextHelper.createStoreManagerForProperties(NucleusContextHelper.java:140)
	at org.datanucleus.PersistenceNucleusContextImpl.initialise(PersistenceNucleusContextImpl.java:447)
	at org.datanucleus.store.schema.SchemaTool.getNucleusContextForMode(SchemaTool.java:728)
	at org.datanucleus.store.schema.SchemaTool.main(SchemaTool.java:299)
Caused by: org.datanucleus.exceptions.NucleusException: Ocurrió un error al intentar usar el plugin "dbcp2-builtin" por crear una pool de conexiones: La clase del driver para su base de datos ("com.mysql.cj.jdbc.Driver") no se encuentra en el CLASSPATH. Por favor, compruebe que el CLASSPATH es correcto, y que también lo es el nombre de la clase del driver JDBC.
	at org.datanucleus.store.rdbms.ConnectionFactoryImpl.generateDataSource(ConnectionFactoryImpl.java:273)
	at org.datanucleus.store.rdbms.ConnectionFactoryImpl.initialiseDataSource(ConnectionFactoryImpl.java:126)
	at org.datanucleus.store.rdbms.ConnectionFactoryImpl.<init>(ConnectionFactoryImpl.java:91)
	... 22 more
Caused by: org.datanucleus.store.rdbms.connectionpool.DatastoreDriverNotFoundException: La clase del driver para su base de datos ("com.mysql.cj.jdbc.Driver") no se encuentra en el CLASSPATH. Por favor, compruebe que el CLASSPATH es correcto, y que también lo es el nombre de la clase del driver JDBC.
	at org.datanucleus.store.rdbms.connectionpool.AbstractConnectionPoolFactory.loadDriver(AbstractConnectionPoolFactory.java:58)
	at org.datanucleus.store.rdbms.connectionpool.DBCP2BuiltinConnectionPoolFactory.createConnectionPool(DBCP2BuiltinConnectionPoolFactory.java:50)
	at org.datanucleus.store.rdbms.ConnectionFactoryImpl.generateDataSource(ConnectionFactoryImpl.java:254)
	... 24 more
13:18:09,730 (main) INFO  [DataNucleus.SchemaTool] - DataNucleus SchemaTool : Creación del esquema para clases
13:18:09,730 (main) INFO  [DataNucleus.SchemaTool] - DataNucleus SchemaTool : Classpath
13:18:09,730 (main) INFO  [DataNucleus.SchemaTool] - >>  C:\Users\Carlos\.m2\repository\org\datanucleus\datanucleus-maven-plugin\5.0.2\datanucleus-maven-plugin-5.0.2.jar
13:18:09,730 (main) INFO  [DataNucleus.SchemaTool] - >>  C:\Users\Carlos\.m2\repository\org\codehaus\plexus\plexus-utils\3.0.8\plexus-utils-3.0.8.jar
13:18:09,730 (main) INFO  [DataNucleus.SchemaTool] - >>  C:\Users\Carlos\.m2\repository\org\apache\maven\maven-artifact\3.0.4\maven-artifact-3.0.4.jar
13:18:09,730 (main) INFO  [DataNucleus.SchemaTool] - >>  C:\Users\Carlos\.m2\repository\org\apache\maven\maven-plugin-api\3.0.4\maven-plugin-api-3.0.4.jar
13:18:09,730 (main) INFO  [DataNucleus.SchemaTool] - >>  C:\Users\Carlos\.m2\repository\org\apache\maven\maven-model\3.0.4\maven-model-3.0.4.jar
13:18:09,730 (main) INFO  [DataNucleus.SchemaTool] - >>  C:\Users\Carlos\.m2\repository\org\sonatype\sisu\sisu-inject-plexus\2.3.0\sisu-inject-plexus-2.3.0.jar
13:18:09,730 (main) INFO  [DataNucleus.SchemaTool] - >>  C:\Users\Carlos\.m2\repository\org\codehaus\plexus\plexus-component-annotations\1.5.5\plexus-component-annotations-1.5.5.jar
13:18:09,730 (main) INFO  [DataNucleus.SchemaTool] - >>  C:\Users\Carlos\.m2\repository\org\sonatype\sisu\sisu-inject-bean\2.3.0\sisu-inject-bean-2.3.0.jar
13:18:09,730 (main) INFO  [DataNucleus.SchemaTool] - >>  C:\Users\Carlos\.m2\repository\org\sonatype\sisu\sisu-guice\3.1.0\sisu-guice-3.1.0-no_aop.jar
13:18:09,730 (main) INFO  [DataNucleus.SchemaTool] - >>  C:\Users\Carlos\.m2\repository\org\sonatype\sisu\sisu-guava\0.9.9\sisu-guava-0.9.9.jar
13:18:09,730 (main) INFO  [DataNucleus.SchemaTool] - >>  C:\Users\Carlos\.m2\repository\org\codehaus\plexus\plexus-container-default\1.5.5\plexus-container-default-1.5.5.jar
13:18:09,730 (main) INFO  [DataNucleus.SchemaTool] - >>  C:\Users\Carlos\.m2\repository\org\codehaus\plexus\plexus-classworlds\2.2.2\plexus-classworlds-2.2.2.jar
13:18:09,730 (main) INFO  [DataNucleus.SchemaTool] - >>  C:\Users\Carlos\.m2\repository\org\apache\xbean\xbean-reflect\3.4\xbean-reflect-3.4.jar
13:18:09,730 (main) INFO  [DataNucleus.SchemaTool] - >>  C:\Users\Carlos\.m2\repository\log4j\log4j\1.2.12\log4j-1.2.12.jar
13:18:09,730 (main) INFO  [DataNucleus.SchemaTool] - >>  C:\Users\Carlos\.m2\repository\commons-logging\commons-logging-api\1.1\commons-logging-api-1.1.jar
13:18:09,730 (main) INFO  [DataNucleus.SchemaTool] - >>  C:\Users\Carlos\.m2\repository\com\google\collections\google-collections\1.0\google-collections-1.0.jar
13:18:09,730 (main) INFO  [DataNucleus.SchemaTool] - >>  C:\Users\Carlos\.m2\repository\junit\junit\3.8.2\junit-3.8.2.jar
13:18:09,730 (main) INFO  [DataNucleus.SchemaTool] - >>  C:\Users\Carlos\Documents\proyectoSoftware\deustoReventa\target\classes
13:18:09,730 (main) INFO  [DataNucleus.SchemaTool] - >>  C:\Users\Carlos\.m2\repository\org\datanucleus\datanucleus-core\5.2.10\datanucleus-core-5.2.10.jar
13:18:09,730 (main) INFO  [DataNucleus.SchemaTool] - >>  C:\Users\Carlos\.m2\repository\org\datanucleus\datanucleus-api-jdo\5.2.8\datanucleus-api-jdo-5.2.8.jar
13:18:09,730 (main) INFO  [DataNucleus.SchemaTool] - >>  C:\Users\Carlos\.m2\repository\log4j\log4j\1.2.17\log4j-1.2.17.jar
13:18:09,730 (main) INFO  [DataNucleus.SchemaTool] - >>  C:\Users\Carlos\.m2\repository\org\datanucleus\javax.jdo\3.2.0-release\javax.jdo-3.2.0-release.jar
13:18:09,730 (main) INFO  [DataNucleus.SchemaTool] - >>  C:\Users\Carlos\.m2\repository\javax\transaction\javax.transaction-api\1.3\javax.transaction-api-1.3.jar
13:18:09,730 (main) INFO  [DataNucleus.SchemaTool] - >>  C:\Users\Carlos\.m2\repository\org\glassfish\corba\glassfish-corba-omgapi\4.2.2\glassfish-corba-omgapi-4.2.2.jar
13:18:09,730 (main) INFO  [DataNucleus.SchemaTool] - >>  C:\Users\Carlos\.m2\repository\org\datanucleus\datanucleus-rdbms\5.2.10\datanucleus-rdbms-5.2.10.jar
13:18:09,739 (main) INFO  [DataNucleus.SchemaTool] - >>  C:\Users\Carlos\.m2\repository\mysql\mysql-connector-java\5.1.17\mysql-connector-java-5.1.17.jar
13:18:09,739 (main) DEBUG [DataNucleus.General] - Using PluginRegistry org.datanucleus.plugin.NonManagedPluginRegistry
13:18:09,771 (main) DEBUG [DataNucleus.General] - Registering bundle org.sonatype.inject version 2.3.0 at URL file:/C:/Users/Carlos/.m2/repository/org/sonatype/sisu/sisu-inject-bean/2.3.0/sisu-inject-bean-2.3.0.jar.
13:18:09,771 (main) DEBUG [DataNucleus.General] - Leyendo extension-points y extensiones del archivo de plug-in jar:file:/C:/Users/Carlos/.m2/repository/org/sonatype/sisu/sisu-inject-bean/2.3.0/sisu-inject-bean-2.3.0.jar!/plugin.xml.
13:18:09,771 (main) DEBUG [DataNucleus.General] - Registering bundle org.datanucleus version 5.2.10 at URL file:/C:/Users/Carlos/.m2/repository/org/datanucleus/datanucleus-core/5.2.10/datanucleus-core-5.2.10.jar.
13:18:09,771 (main) DEBUG [DataNucleus.General] - Leyendo extension-points y extensiones del archivo de plug-in jar:file:/C:/Users/Carlos/.m2/repository/org/datanucleus/datanucleus-core/5.2.10/datanucleus-core-5.2.10.jar!/plugin.xml.
13:18:09,771 (main) DEBUG [DataNucleus.General] - Registering bundle org.datanucleus.api.jdo version 5.2.8 at URL file:/C:/Users/Carlos/.m2/repository/org/datanucleus/datanucleus-api-jdo/5.2.8/datanucleus-api-jdo-5.2.8.jar.
13:18:09,787 (main) DEBUG [DataNucleus.General] - Leyendo extension-points y extensiones del archivo de plug-in jar:file:/C:/Users/Carlos/.m2/repository/org/datanucleus/datanucleus-api-jdo/5.2.8/datanucleus-api-jdo-5.2.8.jar!/plugin.xml.
13:18:09,787 (main) DEBUG [DataNucleus.General] - Registering bundle org.datanucleus.store.rdbms version 5.2.10 at URL file:/C:/Users/Carlos/.m2/repository/org/datanucleus/datanucleus-rdbms/5.2.10/datanucleus-rdbms-5.2.10.jar.
13:18:09,787 (main) DEBUG [DataNucleus.General] - Leyendo extension-points y extensiones del archivo de plug-in jar:file:/C:/Users/Carlos/.m2/repository/org/datanucleus/datanucleus-rdbms/5.2.10/datanucleus-rdbms-5.2.10.jar!/plugin.xml.
13:18:09,787 (main) INFO  [DataNucleus.Persistence] - Propiedad datanucleus.validateconstraints desconocida - vamos a ignorarla
13:18:09,787 (main) INFO  [DataNucleus.Persistence] - Propiedad datanucleus.metadata.validate desconocida - vamos a ignorarla
13:18:09,802 (main) INFO  [DataNucleus.Persistence] - Propiedad datanucleus.validatetables desconocida - vamos a ignorarla
13:18:09,802 (main) DEBUG [DataNucleus.Datastore] - Creating StoreManager for datastore
13:18:09,818 (main) ERROR [DataNucleus.Datastore] - Exception thrown creating StoreManager : La clase del driver para su base de datos ("com.mysql.cj.jdbc.Driver") no se encuentra en el CLASSPATH. Por favor, compruebe que el CLASSPATH es correcto, y que también lo es el nombre de la clase del driver JDBC.
13:18:09,818 (main) ERROR [DataNucleus.SchemaTool] - Error creating NucleusContext
Error creating transactional connection factory
org.datanucleus.exceptions.NucleusException: Error creating transactional connection factory
	at org.datanucleus.store.connection.ConnectionManagerImpl.<init>(ConnectionManagerImpl.java:116)
	at org.datanucleus.store.AbstractStoreManager.registerConnectionMgr(AbstractStoreManager.java:168)
	at org.datanucleus.store.AbstractStoreManager.<init>(AbstractStoreManager.java:149)
	at org.datanucleus.store.rdbms.RDBMSStoreManager.<init>(RDBMSStoreManager.java:278)
	at java.base/jdk.internal.reflect.NativeConstructorAccessorImpl.newInstance0(Native Method)
	at java.base/jdk.internal.reflect.NativeConstructorAccessorImpl.newInstance(NativeConstructorAccessorImpl.java:77)
	at java.base/jdk.internal.reflect.DelegatingConstructorAccessorImpl.newInstance(DelegatingConstructorAccessorImpl.java:45)
	at java.base/java.lang.reflect.Constructor.newInstanceWithCaller(Constructor.java:499)
	at java.base/java.lang.reflect.Constructor.newInstance(Constructor.java:480)
	at org.datanucleus.plugin.NonManagedPluginRegistry.createExecutableExtension(NonManagedPluginRegistry.java:651)
	at org.datanucleus.plugin.PluginManager.createExecutableExtension(PluginManager.java:295)
	at org.datanucleus.NucleusContextHelper.createStoreManagerForProperties(NucleusContextHelper.java:140)
	at org.datanucleus.PersistenceNucleusContextImpl.initialise(PersistenceNucleusContextImpl.java:447)
	at org.datanucleus.store.schema.SchemaTool.getNucleusContextForMode(SchemaTool.java:728)
	at org.datanucleus.store.schema.SchemaTool.main(SchemaTool.java:299)
Caused by: java.lang.reflect.InvocationTargetException
	at java.base/jdk.internal.reflect.NativeConstructorAccessorImpl.newInstance0(Native Method)
	at java.base/jdk.internal.reflect.NativeConstructorAccessorImpl.newInstance(NativeConstructorAccessorImpl.java:77)
	at java.base/jdk.internal.reflect.DelegatingConstructorAccessorImpl.newInstance(DelegatingConstructorAccessorImpl.java:45)
	at java.base/java.lang.reflect.Constructor.newInstanceWithCaller(Constructor.java:499)
	at java.base/java.lang.reflect.Constructor.newInstance(Constructor.java:480)
	at org.datanucleus.plugin.NonManagedPluginRegistry.createExecutableExtension(NonManagedPluginRegistry.java:651)
	at org.datanucleus.plugin.PluginManager.createExecutableExtension(PluginManager.java:321)
	at org.datanucleus.store.connection.ConnectionManagerImpl.<init>(ConnectionManagerImpl.java:99)
	... 14 more
Caused by: org.datanucleus.exceptions.NucleusException: Ocurrió un error al intentar usar el plugin "dbcp2-builtin" por crear una pool de conexiones: La clase del driver para su base de datos ("com.mysql.cj.jdbc.Driver") no se encuentra en el CLASSPATH. Por favor, compruebe que el CLASSPATH es correcto, y que también lo es el nombre de la clase del driver JDBC.
	at org.datanucleus.store.rdbms.ConnectionFactoryImpl.generateDataSource(ConnectionFactoryImpl.java:273)
	at org.datanucleus.store.rdbms.ConnectionFactoryImpl.initialiseDataSource(ConnectionFactoryImpl.java:126)
	at org.datanucleus.store.rdbms.ConnectionFactoryImpl.<init>(ConnectionFactoryImpl.java:91)
	... 22 more
Caused by: org.datanucleus.store.rdbms.connectionpool.DatastoreDriverNotFoundException: La clase del driver para su base de datos ("com.mysql.cj.jdbc.Driver") no se encuentra en el CLASSPATH. Por favor, compruebe que el CLASSPATH es correcto, y que también lo es el nombre de la clase del driver JDBC.
	at org.datanucleus.store.rdbms.connectionpool.AbstractConnectionPoolFactory.loadDriver(AbstractConnectionPoolFactory.java:58)
	at org.datanucleus.store.rdbms.connectionpool.DBCP2BuiltinConnectionPoolFactory.createConnectionPool(DBCP2BuiltinConnectionPoolFactory.java:50)
	at org.datanucleus.store.rdbms.ConnectionFactoryImpl.generateDataSource(ConnectionFactoryImpl.java:254)
	... 24 more
Nested Throwables StackTrace:
java.lang.reflect.InvocationTargetException
	at java.base/jdk.internal.reflect.NativeConstructorAccessorImpl.newInstance0(Native Method)
	at java.base/jdk.internal.reflect.NativeConstructorAccessorImpl.newInstance(NativeConstructorAccessorImpl.java:77)
	at java.base/jdk.internal.reflect.DelegatingConstructorAccessorImpl.newInstance(DelegatingConstructorAccessorImpl.java:45)
	at java.base/java.lang.reflect.Constructor.newInstanceWithCaller(Constructor.java:499)
	at java.base/java.lang.reflect.Constructor.newInstance(Constructor.java:480)
	at org.datanucleus.plugin.NonManagedPluginRegistry.createExecutableExtension(NonManagedPluginRegistry.java:651)
	at org.datanucleus.plugin.PluginManager.createExecutableExtension(PluginManager.java:321)
	at org.datanucleus.store.connection.ConnectionManagerImpl.<init>(ConnectionManagerImpl.java:99)
	at org.datanucleus.store.AbstractStoreManager.registerConnectionMgr(AbstractStoreManager.java:168)
	at org.datanucleus.store.AbstractStoreManager.<init>(AbstractStoreManager.java:149)
	at org.datanucleus.store.rdbms.RDBMSStoreManager.<init>(RDBMSStoreManager.java:278)
	at java.base/jdk.internal.reflect.NativeConstructorAccessorImpl.newInstance0(Native Method)
	at java.base/jdk.internal.reflect.NativeConstructorAccessorImpl.newInstance(NativeConstructorAccessorImpl.java:77)
	at java.base/jdk.internal.reflect.DelegatingConstructorAccessorImpl.newInstance(DelegatingConstructorAccessorImpl.java:45)
	at java.base/java.lang.reflect.Constructor.newInstanceWithCaller(Constructor.java:499)
	at java.base/java.lang.reflect.Constructor.newInstance(Constructor.java:480)
	at org.datanucleus.plugin.NonManagedPluginRegistry.createExecutableExtension(NonManagedPluginRegistry.java:651)
	at org.datanucleus.plugin.PluginManager.createExecutableExtension(PluginManager.java:295)
	at org.datanucleus.NucleusContextHelper.createStoreManagerForProperties(NucleusContextHelper.java:140)
	at org.datanucleus.PersistenceNucleusContextImpl.initialise(PersistenceNucleusContextImpl.java:447)
	at org.datanucleus.store.schema.SchemaTool.getNucleusContextForMode(SchemaTool.java:728)
	at org.datanucleus.store.schema.SchemaTool.main(SchemaTool.java:299)
Caused by: org.datanucleus.exceptions.NucleusException: Ocurrió un error al intentar usar el plugin "dbcp2-builtin" por crear una pool de conexiones: La clase del driver para su base de datos ("com.mysql.cj.jdbc.Driver") no se encuentra en el CLASSPATH. Por favor, compruebe que el CLASSPATH es correcto, y que también lo es el nombre de la clase del driver JDBC.
	at org.datanucleus.store.rdbms.ConnectionFactoryImpl.generateDataSource(ConnectionFactoryImpl.java:273)
	at org.datanucleus.store.rdbms.ConnectionFactoryImpl.initialiseDataSource(ConnectionFactoryImpl.java:126)
	at org.datanucleus.store.rdbms.ConnectionFactoryImpl.<init>(ConnectionFactoryImpl.java:91)
	... 22 more
Caused by: org.datanucleus.store.rdbms.connectionpool.DatastoreDriverNotFoundException: La clase del driver para su base de datos ("com.mysql.cj.jdbc.Driver") no se encuentra en el CLASSPATH. Por favor, compruebe que el CLASSPATH es correcto, y que también lo es el nombre de la clase del driver JDBC.
	at org.datanucleus.store.rdbms.connectionpool.AbstractConnectionPoolFactory.loadDriver(AbstractConnectionPoolFactory.java:58)
	at org.datanucleus.store.rdbms.connectionpool.DBCP2BuiltinConnectionPoolFactory.createConnectionPool(DBCP2BuiltinConnectionPoolFactory.java:50)
	at org.datanucleus.store.rdbms.ConnectionFactoryImpl.generateDataSource(ConnectionFactoryImpl.java:254)
	... 24 more
13:21:21,139 (main) INFO  [DataNucleus.SchemaTool] - DataNucleus SchemaTool : Creación del esquema para clases
13:21:21,139 (main) INFO  [DataNucleus.SchemaTool] - DataNucleus SchemaTool : Classpath
13:21:21,139 (main) INFO  [DataNucleus.SchemaTool] - >>  C:\Users\Carlos\.m2\repository\org\datanucleus\datanucleus-maven-plugin\5.0.2\datanucleus-maven-plugin-5.0.2.jar
13:21:21,139 (main) INFO  [DataNucleus.SchemaTool] - >>  C:\Users\Carlos\.m2\repository\org\codehaus\plexus\plexus-utils\3.0.8\plexus-utils-3.0.8.jar
13:21:21,139 (main) INFO  [DataNucleus.SchemaTool] - >>  C:\Users\Carlos\.m2\repository\org\apache\maven\maven-artifact\3.0.4\maven-artifact-3.0.4.jar
13:21:21,139 (main) INFO  [DataNucleus.SchemaTool] - >>  C:\Users\Carlos\.m2\repository\org\apache\maven\maven-plugin-api\3.0.4\maven-plugin-api-3.0.4.jar
13:21:21,139 (main) INFO  [DataNucleus.SchemaTool] - >>  C:\Users\Carlos\.m2\repository\org\apache\maven\maven-model\3.0.4\maven-model-3.0.4.jar
13:21:21,139 (main) INFO  [DataNucleus.SchemaTool] - >>  C:\Users\Carlos\.m2\repository\org\sonatype\sisu\sisu-inject-plexus\2.3.0\sisu-inject-plexus-2.3.0.jar
13:21:21,139 (main) INFO  [DataNucleus.SchemaTool] - >>  C:\Users\Carlos\.m2\repository\org\codehaus\plexus\plexus-component-annotations\1.5.5\plexus-component-annotations-1.5.5.jar
13:21:21,139 (main) INFO  [DataNucleus.SchemaTool] - >>  C:\Users\Carlos\.m2\repository\org\sonatype\sisu\sisu-inject-bean\2.3.0\sisu-inject-bean-2.3.0.jar
13:21:21,139 (main) INFO  [DataNucleus.SchemaTool] - >>  C:\Users\Carlos\.m2\repository\org\sonatype\sisu\sisu-guice\3.1.0\sisu-guice-3.1.0-no_aop.jar
13:21:21,139 (main) INFO  [DataNucleus.SchemaTool] - >>  C:\Users\Carlos\.m2\repository\org\sonatype\sisu\sisu-guava\0.9.9\sisu-guava-0.9.9.jar
13:21:21,139 (main) INFO  [DataNucleus.SchemaTool] - >>  C:\Users\Carlos\.m2\repository\org\codehaus\plexus\plexus-container-default\1.5.5\plexus-container-default-1.5.5.jar
13:21:21,139 (main) INFO  [DataNucleus.SchemaTool] - >>  C:\Users\Carlos\.m2\repository\org\codehaus\plexus\plexus-classworlds\2.2.2\plexus-classworlds-2.2.2.jar
13:21:21,139 (main) INFO  [DataNucleus.SchemaTool] - >>  C:\Users\Carlos\.m2\repository\org\apache\xbean\xbean-reflect\3.4\xbean-reflect-3.4.jar
13:21:21,139 (main) INFO  [DataNucleus.SchemaTool] - >>  C:\Users\Carlos\.m2\repository\log4j\log4j\1.2.12\log4j-1.2.12.jar
13:21:21,139 (main) INFO  [DataNucleus.SchemaTool] - >>  C:\Users\Carlos\.m2\repository\commons-logging\commons-logging-api\1.1\commons-logging-api-1.1.jar
13:21:21,139 (main) INFO  [DataNucleus.SchemaTool] - >>  C:\Users\Carlos\.m2\repository\com\google\collections\google-collections\1.0\google-collections-1.0.jar
13:21:21,139 (main) INFO  [DataNucleus.SchemaTool] - >>  C:\Users\Carlos\.m2\repository\junit\junit\3.8.2\junit-3.8.2.jar
13:21:21,139 (main) INFO  [DataNucleus.SchemaTool] - >>  C:\Users\Carlos\Documents\proyectoSoftware\deustoReventa\target\classes
13:21:21,139 (main) INFO  [DataNucleus.SchemaTool] - >>  C:\Users\Carlos\.m2\repository\org\datanucleus\datanucleus-core\5.2.10\datanucleus-core-5.2.10.jar
13:21:21,139 (main) INFO  [DataNucleus.SchemaTool] - >>  C:\Users\Carlos\.m2\repository\org\datanucleus\datanucleus-api-jdo\5.2.8\datanucleus-api-jdo-5.2.8.jar
13:21:21,139 (main) INFO  [DataNucleus.SchemaTool] - >>  C:\Users\Carlos\.m2\repository\log4j\log4j\1.2.17\log4j-1.2.17.jar
13:21:21,139 (main) INFO  [DataNucleus.SchemaTool] - >>  C:\Users\Carlos\.m2\repository\org\datanucleus\javax.jdo\3.2.0-release\javax.jdo-3.2.0-release.jar
13:21:21,139 (main) INFO  [DataNucleus.SchemaTool] - >>  C:\Users\Carlos\.m2\repository\javax\transaction\javax.transaction-api\1.3\javax.transaction-api-1.3.jar
13:21:21,139 (main) INFO  [DataNucleus.SchemaTool] - >>  C:\Users\Carlos\.m2\repository\org\glassfish\corba\glassfish-corba-omgapi\4.2.2\glassfish-corba-omgapi-4.2.2.jar
13:21:21,139 (main) INFO  [DataNucleus.SchemaTool] - >>  C:\Users\Carlos\.m2\repository\org\datanucleus\datanucleus-rdbms\5.2.10\datanucleus-rdbms-5.2.10.jar
13:21:21,139 (main) INFO  [DataNucleus.SchemaTool] - >>  C:\Users\Carlos\.m2\repository\mysql\mysql-connector-java\5.1.17\mysql-connector-java-5.1.17.jar
13:21:21,155 (main) DEBUG [DataNucleus.General] - Using PluginRegistry org.datanucleus.plugin.NonManagedPluginRegistry
13:21:21,171 (main) DEBUG [DataNucleus.General] - Registering bundle org.sonatype.inject version 2.3.0 at URL file:/C:/Users/Carlos/.m2/repository/org/sonatype/sisu/sisu-inject-bean/2.3.0/sisu-inject-bean-2.3.0.jar.
13:21:21,171 (main) DEBUG [DataNucleus.General] - Leyendo extension-points y extensiones del archivo de plug-in jar:file:/C:/Users/Carlos/.m2/repository/org/sonatype/sisu/sisu-inject-bean/2.3.0/sisu-inject-bean-2.3.0.jar!/plugin.xml.
13:21:21,171 (main) DEBUG [DataNucleus.General] - Registering bundle org.datanucleus version 5.2.10 at URL file:/C:/Users/Carlos/.m2/repository/org/datanucleus/datanucleus-core/5.2.10/datanucleus-core-5.2.10.jar.
13:21:21,186 (main) DEBUG [DataNucleus.General] - Leyendo extension-points y extensiones del archivo de plug-in jar:file:/C:/Users/Carlos/.m2/repository/org/datanucleus/datanucleus-core/5.2.10/datanucleus-core-5.2.10.jar!/plugin.xml.
13:21:21,186 (main) DEBUG [DataNucleus.General] - Registering bundle org.datanucleus.api.jdo version 5.2.8 at URL file:/C:/Users/Carlos/.m2/repository/org/datanucleus/datanucleus-api-jdo/5.2.8/datanucleus-api-jdo-5.2.8.jar.
13:21:21,186 (main) DEBUG [DataNucleus.General] - Leyendo extension-points y extensiones del archivo de plug-in jar:file:/C:/Users/Carlos/.m2/repository/org/datanucleus/datanucleus-api-jdo/5.2.8/datanucleus-api-jdo-5.2.8.jar!/plugin.xml.
13:21:21,186 (main) DEBUG [DataNucleus.General] - Registering bundle org.datanucleus.store.rdbms version 5.2.10 at URL file:/C:/Users/Carlos/.m2/repository/org/datanucleus/datanucleus-rdbms/5.2.10/datanucleus-rdbms-5.2.10.jar.
13:21:21,186 (main) DEBUG [DataNucleus.General] - Leyendo extension-points y extensiones del archivo de plug-in jar:file:/C:/Users/Carlos/.m2/repository/org/datanucleus/datanucleus-rdbms/5.2.10/datanucleus-rdbms-5.2.10.jar!/plugin.xml.
13:21:21,202 (main) INFO  [DataNucleus.Persistence] - Propiedad datanucleus.validateconstraints desconocida - vamos a ignorarla
13:21:21,202 (main) INFO  [DataNucleus.Persistence] - Propiedad datanucleus.metadata.validate desconocida - vamos a ignorarla
13:21:21,202 (main) INFO  [DataNucleus.Persistence] - Propiedad datanucleus.validatetables desconocida - vamos a ignorarla
13:21:21,202 (main) DEBUG [DataNucleus.Datastore] - Creating StoreManager for datastore
13:21:21,218 (main) ERROR [DataNucleus.Datastore] - Exception thrown creating StoreManager : La clase del driver para su base de datos ("com.mysql.cj.jdbc.Driver") no se encuentra en el CLASSPATH. Por favor, compruebe que el CLASSPATH es correcto, y que también lo es el nombre de la clase del driver JDBC.
13:21:21,218 (main) ERROR [DataNucleus.SchemaTool] - Error creating NucleusContext
Error creating transactional connection factory
org.datanucleus.exceptions.NucleusException: Error creating transactional connection factory
	at org.datanucleus.store.connection.ConnectionManagerImpl.<init>(ConnectionManagerImpl.java:116)
	at org.datanucleus.store.AbstractStoreManager.registerConnectionMgr(AbstractStoreManager.java:168)
	at org.datanucleus.store.AbstractStoreManager.<init>(AbstractStoreManager.java:149)
	at org.datanucleus.store.rdbms.RDBMSStoreManager.<init>(RDBMSStoreManager.java:278)
	at java.base/jdk.internal.reflect.NativeConstructorAccessorImpl.newInstance0(Native Method)
	at java.base/jdk.internal.reflect.NativeConstructorAccessorImpl.newInstance(NativeConstructorAccessorImpl.java:77)
	at java.base/jdk.internal.reflect.DelegatingConstructorAccessorImpl.newInstance(DelegatingConstructorAccessorImpl.java:45)
	at java.base/java.lang.reflect.Constructor.newInstanceWithCaller(Constructor.java:499)
	at java.base/java.lang.reflect.Constructor.newInstance(Constructor.java:480)
	at org.datanucleus.plugin.NonManagedPluginRegistry.createExecutableExtension(NonManagedPluginRegistry.java:651)
	at org.datanucleus.plugin.PluginManager.createExecutableExtension(PluginManager.java:295)
	at org.datanucleus.NucleusContextHelper.createStoreManagerForProperties(NucleusContextHelper.java:140)
	at org.datanucleus.PersistenceNucleusContextImpl.initialise(PersistenceNucleusContextImpl.java:447)
	at org.datanucleus.store.schema.SchemaTool.getNucleusContextForMode(SchemaTool.java:728)
	at org.datanucleus.store.schema.SchemaTool.main(SchemaTool.java:299)
Caused by: java.lang.reflect.InvocationTargetException
	at java.base/jdk.internal.reflect.NativeConstructorAccessorImpl.newInstance0(Native Method)
	at java.base/jdk.internal.reflect.NativeConstructorAccessorImpl.newInstance(NativeConstructorAccessorImpl.java:77)
	at java.base/jdk.internal.reflect.DelegatingConstructorAccessorImpl.newInstance(DelegatingConstructorAccessorImpl.java:45)
	at java.base/java.lang.reflect.Constructor.newInstanceWithCaller(Constructor.java:499)
	at java.base/java.lang.reflect.Constructor.newInstance(Constructor.java:480)
	at org.datanucleus.plugin.NonManagedPluginRegistry.createExecutableExtension(NonManagedPluginRegistry.java:651)
	at org.datanucleus.plugin.PluginManager.createExecutableExtension(PluginManager.java:321)
	at org.datanucleus.store.connection.ConnectionManagerImpl.<init>(ConnectionManagerImpl.java:99)
	... 14 more
Caused by: org.datanucleus.exceptions.NucleusException: Ocurrió un error al intentar usar el plugin "dbcp2-builtin" por crear una pool de conexiones: La clase del driver para su base de datos ("com.mysql.cj.jdbc.Driver") no se encuentra en el CLASSPATH. Por favor, compruebe que el CLASSPATH es correcto, y que también lo es el nombre de la clase del driver JDBC.
	at org.datanucleus.store.rdbms.ConnectionFactoryImpl.generateDataSource(ConnectionFactoryImpl.java:273)
	at org.datanucleus.store.rdbms.ConnectionFactoryImpl.initialiseDataSource(ConnectionFactoryImpl.java:126)
	at org.datanucleus.store.rdbms.ConnectionFactoryImpl.<init>(ConnectionFactoryImpl.java:91)
	... 22 more
Caused by: org.datanucleus.store.rdbms.connectionpool.DatastoreDriverNotFoundException: La clase del driver para su base de datos ("com.mysql.cj.jdbc.Driver") no se encuentra en el CLASSPATH. Por favor, compruebe que el CLASSPATH es correcto, y que también lo es el nombre de la clase del driver JDBC.
	at org.datanucleus.store.rdbms.connectionpool.AbstractConnectionPoolFactory.loadDriver(AbstractConnectionPoolFactory.java:58)
	at org.datanucleus.store.rdbms.connectionpool.DBCP2BuiltinConnectionPoolFactory.createConnectionPool(DBCP2BuiltinConnectionPoolFactory.java:50)
	at org.datanucleus.store.rdbms.ConnectionFactoryImpl.generateDataSource(ConnectionFactoryImpl.java:254)
	... 24 more
Nested Throwables StackTrace:
java.lang.reflect.InvocationTargetException
	at java.base/jdk.internal.reflect.NativeConstructorAccessorImpl.newInstance0(Native Method)
	at java.base/jdk.internal.reflect.NativeConstructorAccessorImpl.newInstance(NativeConstructorAccessorImpl.java:77)
	at java.base/jdk.internal.reflect.DelegatingConstructorAccessorImpl.newInstance(DelegatingConstructorAccessorImpl.java:45)
	at java.base/java.lang.reflect.Constructor.newInstanceWithCaller(Constructor.java:499)
	at java.base/java.lang.reflect.Constructor.newInstance(Constructor.java:480)
	at org.datanucleus.plugin.NonManagedPluginRegistry.createExecutableExtension(NonManagedPluginRegistry.java:651)
	at org.datanucleus.plugin.PluginManager.createExecutableExtension(PluginManager.java:321)
	at org.datanucleus.store.connection.ConnectionManagerImpl.<init>(ConnectionManagerImpl.java:99)
	at org.datanucleus.store.AbstractStoreManager.registerConnectionMgr(AbstractStoreManager.java:168)
	at org.datanucleus.store.AbstractStoreManager.<init>(AbstractStoreManager.java:149)
	at org.datanucleus.store.rdbms.RDBMSStoreManager.<init>(RDBMSStoreManager.java:278)
	at java.base/jdk.internal.reflect.NativeConstructorAccessorImpl.newInstance0(Native Method)
	at java.base/jdk.internal.reflect.NativeConstructorAccessorImpl.newInstance(NativeConstructorAccessorImpl.java:77)
	at java.base/jdk.internal.reflect.DelegatingConstructorAccessorImpl.newInstance(DelegatingConstructorAccessorImpl.java:45)
	at java.base/java.lang.reflect.Constructor.newInstanceWithCaller(Constructor.java:499)
	at java.base/java.lang.reflect.Constructor.newInstance(Constructor.java:480)
	at org.datanucleus.plugin.NonManagedPluginRegistry.createExecutableExtension(NonManagedPluginRegistry.java:651)
	at org.datanucleus.plugin.PluginManager.createExecutableExtension(PluginManager.java:295)
	at org.datanucleus.NucleusContextHelper.createStoreManagerForProperties(NucleusContextHelper.java:140)
	at org.datanucleus.PersistenceNucleusContextImpl.initialise(PersistenceNucleusContextImpl.java:447)
	at org.datanucleus.store.schema.SchemaTool.getNucleusContextForMode(SchemaTool.java:728)
	at org.datanucleus.store.schema.SchemaTool.main(SchemaTool.java:299)
Caused by: org.datanucleus.exceptions.NucleusException: Ocurrió un error al intentar usar el plugin "dbcp2-builtin" por crear una pool de conexiones: La clase del driver para su base de datos ("com.mysql.cj.jdbc.Driver") no se encuentra en el CLASSPATH. Por favor, compruebe que el CLASSPATH es correcto, y que también lo es el nombre de la clase del driver JDBC.
	at org.datanucleus.store.rdbms.ConnectionFactoryImpl.generateDataSource(ConnectionFactoryImpl.java:273)
	at org.datanucleus.store.rdbms.ConnectionFactoryImpl.initialiseDataSource(ConnectionFactoryImpl.java:126)
	at org.datanucleus.store.rdbms.ConnectionFactoryImpl.<init>(ConnectionFactoryImpl.java:91)
	... 22 more
Caused by: org.datanucleus.store.rdbms.connectionpool.DatastoreDriverNotFoundException: La clase del driver para su base de datos ("com.mysql.cj.jdbc.Driver") no se encuentra en el CLASSPATH. Por favor, compruebe que el CLASSPATH es correcto, y que también lo es el nombre de la clase del driver JDBC.
	at org.datanucleus.store.rdbms.connectionpool.AbstractConnectionPoolFactory.loadDriver(AbstractConnectionPoolFactory.java:58)
	at org.datanucleus.store.rdbms.connectionpool.DBCP2BuiltinConnectionPoolFactory.createConnectionPool(DBCP2BuiltinConnectionPoolFactory.java:50)
	at org.datanucleus.store.rdbms.ConnectionFactoryImpl.generateDataSource(ConnectionFactoryImpl.java:254)
	... 24 more
13:23:15,429 (main) INFO  [DataNucleus.SchemaTool] - DataNucleus SchemaTool : Creación del esquema para clases
13:23:15,429 (main) INFO  [DataNucleus.SchemaTool] - DataNucleus SchemaTool : Classpath
13:23:15,429 (main) INFO  [DataNucleus.SchemaTool] - >>  C:\Users\Carlos\.m2\repository\org\datanucleus\datanucleus-maven-plugin\5.0.2\datanucleus-maven-plugin-5.0.2.jar
13:23:15,429 (main) INFO  [DataNucleus.SchemaTool] - >>  C:\Users\Carlos\.m2\repository\org\codehaus\plexus\plexus-utils\3.0.8\plexus-utils-3.0.8.jar
13:23:15,429 (main) INFO  [DataNucleus.SchemaTool] - >>  C:\Users\Carlos\.m2\repository\org\apache\maven\maven-artifact\3.0.4\maven-artifact-3.0.4.jar
13:23:15,429 (main) INFO  [DataNucleus.SchemaTool] - >>  C:\Users\Carlos\.m2\repository\org\apache\maven\maven-plugin-api\3.0.4\maven-plugin-api-3.0.4.jar
13:23:15,429 (main) INFO  [DataNucleus.SchemaTool] - >>  C:\Users\Carlos\.m2\repository\org\apache\maven\maven-model\3.0.4\maven-model-3.0.4.jar
13:23:15,429 (main) INFO  [DataNucleus.SchemaTool] - >>  C:\Users\Carlos\.m2\repository\org\sonatype\sisu\sisu-inject-plexus\2.3.0\sisu-inject-plexus-2.3.0.jar
13:23:15,429 (main) INFO  [DataNucleus.SchemaTool] - >>  C:\Users\Carlos\.m2\repository\org\codehaus\plexus\plexus-component-annotations\1.5.5\plexus-component-annotations-1.5.5.jar
13:23:15,429 (main) INFO  [DataNucleus.SchemaTool] - >>  C:\Users\Carlos\.m2\repository\org\sonatype\sisu\sisu-inject-bean\2.3.0\sisu-inject-bean-2.3.0.jar
13:23:15,429 (main) INFO  [DataNucleus.SchemaTool] - >>  C:\Users\Carlos\.m2\repository\org\sonatype\sisu\sisu-guice\3.1.0\sisu-guice-3.1.0-no_aop.jar
13:23:15,429 (main) INFO  [DataNucleus.SchemaTool] - >>  C:\Users\Carlos\.m2\repository\org\sonatype\sisu\sisu-guava\0.9.9\sisu-guava-0.9.9.jar
13:23:15,429 (main) INFO  [DataNucleus.SchemaTool] - >>  C:\Users\Carlos\.m2\repository\org\codehaus\plexus\plexus-container-default\1.5.5\plexus-container-default-1.5.5.jar
13:23:15,429 (main) INFO  [DataNucleus.SchemaTool] - >>  C:\Users\Carlos\.m2\repository\org\codehaus\plexus\plexus-classworlds\2.2.2\plexus-classworlds-2.2.2.jar
13:23:15,429 (main) INFO  [DataNucleus.SchemaTool] - >>  C:\Users\Carlos\.m2\repository\org\apache\xbean\xbean-reflect\3.4\xbean-reflect-3.4.jar
13:23:15,429 (main) INFO  [DataNucleus.SchemaTool] - >>  C:\Users\Carlos\.m2\repository\log4j\log4j\1.2.12\log4j-1.2.12.jar
13:23:15,429 (main) INFO  [DataNucleus.SchemaTool] - >>  C:\Users\Carlos\.m2\repository\commons-logging\commons-logging-api\1.1\commons-logging-api-1.1.jar
13:23:15,429 (main) INFO  [DataNucleus.SchemaTool] - >>  C:\Users\Carlos\.m2\repository\com\google\collections\google-collections\1.0\google-collections-1.0.jar
13:23:15,429 (main) INFO  [DataNucleus.SchemaTool] - >>  C:\Users\Carlos\.m2\repository\junit\junit\3.8.2\junit-3.8.2.jar
13:23:15,429 (main) INFO  [DataNucleus.SchemaTool] - >>  C:\Users\Carlos\Documents\proyectoSoftware\deustoReventa\target\classes
13:23:15,429 (main) INFO  [DataNucleus.SchemaTool] - >>  C:\Users\Carlos\.m2\repository\org\datanucleus\datanucleus-core\5.2.10\datanucleus-core-5.2.10.jar
13:23:15,429 (main) INFO  [DataNucleus.SchemaTool] - >>  C:\Users\Carlos\.m2\repository\org\datanucleus\datanucleus-api-jdo\5.2.8\datanucleus-api-jdo-5.2.8.jar
13:23:15,429 (main) INFO  [DataNucleus.SchemaTool] - >>  C:\Users\Carlos\.m2\repository\log4j\log4j\1.2.17\log4j-1.2.17.jar
13:23:15,429 (main) INFO  [DataNucleus.SchemaTool] - >>  C:\Users\Carlos\.m2\repository\org\datanucleus\javax.jdo\3.2.0-release\javax.jdo-3.2.0-release.jar
13:23:15,429 (main) INFO  [DataNucleus.SchemaTool] - >>  C:\Users\Carlos\.m2\repository\javax\transaction\javax.transaction-api\1.3\javax.transaction-api-1.3.jar
13:23:15,429 (main) INFO  [DataNucleus.SchemaTool] - >>  C:\Users\Carlos\.m2\repository\org\glassfish\corba\glassfish-corba-omgapi\4.2.2\glassfish-corba-omgapi-4.2.2.jar
13:23:15,429 (main) INFO  [DataNucleus.SchemaTool] - >>  C:\Users\Carlos\.m2\repository\org\datanucleus\datanucleus-rdbms\5.2.10\datanucleus-rdbms-5.2.10.jar
13:23:15,429 (main) INFO  [DataNucleus.SchemaTool] - >>  C:\Users\Carlos\.m2\repository\mysql\mysql-connector-java\5.1.17\mysql-connector-java-5.1.17.jar
13:23:15,444 (main) DEBUG [DataNucleus.General] - Using PluginRegistry org.datanucleus.plugin.NonManagedPluginRegistry
13:23:15,460 (main) DEBUG [DataNucleus.General] - Registering bundle org.sonatype.inject version 2.3.0 at URL file:/C:/Users/Carlos/.m2/repository/org/sonatype/sisu/sisu-inject-bean/2.3.0/sisu-inject-bean-2.3.0.jar.
13:23:15,476 (main) DEBUG [DataNucleus.General] - Leyendo extension-points y extensiones del archivo de plug-in jar:file:/C:/Users/Carlos/.m2/repository/org/sonatype/sisu/sisu-inject-bean/2.3.0/sisu-inject-bean-2.3.0.jar!/plugin.xml.
13:23:15,476 (main) DEBUG [DataNucleus.General] - Registering bundle org.datanucleus version 5.2.10 at URL file:/C:/Users/Carlos/.m2/repository/org/datanucleus/datanucleus-core/5.2.10/datanucleus-core-5.2.10.jar.
13:23:15,476 (main) DEBUG [DataNucleus.General] - Leyendo extension-points y extensiones del archivo de plug-in jar:file:/C:/Users/Carlos/.m2/repository/org/datanucleus/datanucleus-core/5.2.10/datanucleus-core-5.2.10.jar!/plugin.xml.
13:23:15,476 (main) DEBUG [DataNucleus.General] - Registering bundle org.datanucleus.api.jdo version 5.2.8 at URL file:/C:/Users/Carlos/.m2/repository/org/datanucleus/datanucleus-api-jdo/5.2.8/datanucleus-api-jdo-5.2.8.jar.
13:23:15,476 (main) DEBUG [DataNucleus.General] - Leyendo extension-points y extensiones del archivo de plug-in jar:file:/C:/Users/Carlos/.m2/repository/org/datanucleus/datanucleus-api-jdo/5.2.8/datanucleus-api-jdo-5.2.8.jar!/plugin.xml.
13:23:15,491 (main) DEBUG [DataNucleus.General] - Registering bundle org.datanucleus.store.rdbms version 5.2.10 at URL file:/C:/Users/Carlos/.m2/repository/org/datanucleus/datanucleus-rdbms/5.2.10/datanucleus-rdbms-5.2.10.jar.
13:23:15,491 (main) DEBUG [DataNucleus.General] - Leyendo extension-points y extensiones del archivo de plug-in jar:file:/C:/Users/Carlos/.m2/repository/org/datanucleus/datanucleus-rdbms/5.2.10/datanucleus-rdbms-5.2.10.jar!/plugin.xml.
13:23:15,491 (main) INFO  [DataNucleus.Persistence] - Propiedad datanucleus.validateconstraints desconocida - vamos a ignorarla
13:23:15,491 (main) INFO  [DataNucleus.Persistence] - Propiedad datanucleus.metadata.validate desconocida - vamos a ignorarla
13:23:15,491 (main) INFO  [DataNucleus.Persistence] - Propiedad datanucleus.validatetables desconocida - vamos a ignorarla
13:23:15,491 (main) DEBUG [DataNucleus.Datastore] - Creating StoreManager for datastore
13:23:15,523 (main) ERROR [DataNucleus.Datastore] - Exception thrown creating StoreManager : La clase del driver para su base de datos ("com.mysql.cj.jdbc.Driver") no se encuentra en el CLASSPATH. Por favor, compruebe que el CLASSPATH es correcto, y que también lo es el nombre de la clase del driver JDBC.
13:23:15,523 (main) ERROR [DataNucleus.SchemaTool] - Error creating NucleusContext
Error creating transactional connection factory
org.datanucleus.exceptions.NucleusException: Error creating transactional connection factory
	at org.datanucleus.store.connection.ConnectionManagerImpl.<init>(ConnectionManagerImpl.java:116)
	at org.datanucleus.store.AbstractStoreManager.registerConnectionMgr(AbstractStoreManager.java:168)
	at org.datanucleus.store.AbstractStoreManager.<init>(AbstractStoreManager.java:149)
	at org.datanucleus.store.rdbms.RDBMSStoreManager.<init>(RDBMSStoreManager.java:278)
	at java.base/jdk.internal.reflect.NativeConstructorAccessorImpl.newInstance0(Native Method)
	at java.base/jdk.internal.reflect.NativeConstructorAccessorImpl.newInstance(NativeConstructorAccessorImpl.java:77)
	at java.base/jdk.internal.reflect.DelegatingConstructorAccessorImpl.newInstance(DelegatingConstructorAccessorImpl.java:45)
	at java.base/java.lang.reflect.Constructor.newInstanceWithCaller(Constructor.java:499)
	at java.base/java.lang.reflect.Constructor.newInstance(Constructor.java:480)
	at org.datanucleus.plugin.NonManagedPluginRegistry.createExecutableExtension(NonManagedPluginRegistry.java:651)
	at org.datanucleus.plugin.PluginManager.createExecutableExtension(PluginManager.java:295)
	at org.datanucleus.NucleusContextHelper.createStoreManagerForProperties(NucleusContextHelper.java:140)
	at org.datanucleus.PersistenceNucleusContextImpl.initialise(PersistenceNucleusContextImpl.java:447)
	at org.datanucleus.store.schema.SchemaTool.getNucleusContextForMode(SchemaTool.java:728)
	at org.datanucleus.store.schema.SchemaTool.main(SchemaTool.java:299)
Caused by: java.lang.reflect.InvocationTargetException
	at java.base/jdk.internal.reflect.NativeConstructorAccessorImpl.newInstance0(Native Method)
	at java.base/jdk.internal.reflect.NativeConstructorAccessorImpl.newInstance(NativeConstructorAccessorImpl.java:77)
	at java.base/jdk.internal.reflect.DelegatingConstructorAccessorImpl.newInstance(DelegatingConstructorAccessorImpl.java:45)
	at java.base/java.lang.reflect.Constructor.newInstanceWithCaller(Constructor.java:499)
	at java.base/java.lang.reflect.Constructor.newInstance(Constructor.java:480)
	at org.datanucleus.plugin.NonManagedPluginRegistry.createExecutableExtension(NonManagedPluginRegistry.java:651)
	at org.datanucleus.plugin.PluginManager.createExecutableExtension(PluginManager.java:321)
	at org.datanucleus.store.connection.ConnectionManagerImpl.<init>(ConnectionManagerImpl.java:99)
	... 14 more
Caused by: org.datanucleus.exceptions.NucleusException: Ocurrió un error al intentar usar el plugin "dbcp2-builtin" por crear una pool de conexiones: La clase del driver para su base de datos ("com.mysql.cj.jdbc.Driver") no se encuentra en el CLASSPATH. Por favor, compruebe que el CLASSPATH es correcto, y que también lo es el nombre de la clase del driver JDBC.
	at org.datanucleus.store.rdbms.ConnectionFactoryImpl.generateDataSource(ConnectionFactoryImpl.java:273)
	at org.datanucleus.store.rdbms.ConnectionFactoryImpl.initialiseDataSource(ConnectionFactoryImpl.java:126)
	at org.datanucleus.store.rdbms.ConnectionFactoryImpl.<init>(ConnectionFactoryImpl.java:91)
	... 22 more
Caused by: org.datanucleus.store.rdbms.connectionpool.DatastoreDriverNotFoundException: La clase del driver para su base de datos ("com.mysql.cj.jdbc.Driver") no se encuentra en el CLASSPATH. Por favor, compruebe que el CLASSPATH es correcto, y que también lo es el nombre de la clase del driver JDBC.
	at org.datanucleus.store.rdbms.connectionpool.AbstractConnectionPoolFactory.loadDriver(AbstractConnectionPoolFactory.java:58)
	at org.datanucleus.store.rdbms.connectionpool.DBCP2BuiltinConnectionPoolFactory.createConnectionPool(DBCP2BuiltinConnectionPoolFactory.java:50)
	at org.datanucleus.store.rdbms.ConnectionFactoryImpl.generateDataSource(ConnectionFactoryImpl.java:254)
	... 24 more
Nested Throwables StackTrace:
java.lang.reflect.InvocationTargetException
	at java.base/jdk.internal.reflect.NativeConstructorAccessorImpl.newInstance0(Native Method)
	at java.base/jdk.internal.reflect.NativeConstructorAccessorImpl.newInstance(NativeConstructorAccessorImpl.java:77)
	at java.base/jdk.internal.reflect.DelegatingConstructorAccessorImpl.newInstance(DelegatingConstructorAccessorImpl.java:45)
	at java.base/java.lang.reflect.Constructor.newInstanceWithCaller(Constructor.java:499)
	at java.base/java.lang.reflect.Constructor.newInstance(Constructor.java:480)
	at org.datanucleus.plugin.NonManagedPluginRegistry.createExecutableExtension(NonManagedPluginRegistry.java:651)
	at org.datanucleus.plugin.PluginManager.createExecutableExtension(PluginManager.java:321)
	at org.datanucleus.store.connection.ConnectionManagerImpl.<init>(ConnectionManagerImpl.java:99)
	at org.datanucleus.store.AbstractStoreManager.registerConnectionMgr(AbstractStoreManager.java:168)
	at org.datanucleus.store.AbstractStoreManager.<init>(AbstractStoreManager.java:149)
	at org.datanucleus.store.rdbms.RDBMSStoreManager.<init>(RDBMSStoreManager.java:278)
	at java.base/jdk.internal.reflect.NativeConstructorAccessorImpl.newInstance0(Native Method)
	at java.base/jdk.internal.reflect.NativeConstructorAccessorImpl.newInstance(NativeConstructorAccessorImpl.java:77)
	at java.base/jdk.internal.reflect.DelegatingConstructorAccessorImpl.newInstance(DelegatingConstructorAccessorImpl.java:45)
	at java.base/java.lang.reflect.Constructor.newInstanceWithCaller(Constructor.java:499)
	at java.base/java.lang.reflect.Constructor.newInstance(Constructor.java:480)
	at org.datanucleus.plugin.NonManagedPluginRegistry.createExecutableExtension(NonManagedPluginRegistry.java:651)
	at org.datanucleus.plugin.PluginManager.createExecutableExtension(PluginManager.java:295)
	at org.datanucleus.NucleusContextHelper.createStoreManagerForProperties(NucleusContextHelper.java:140)
	at org.datanucleus.PersistenceNucleusContextImpl.initialise(PersistenceNucleusContextImpl.java:447)
	at org.datanucleus.store.schema.SchemaTool.getNucleusContextForMode(SchemaTool.java:728)
	at org.datanucleus.store.schema.SchemaTool.main(SchemaTool.java:299)
Caused by: org.datanucleus.exceptions.NucleusException: Ocurrió un error al intentar usar el plugin "dbcp2-builtin" por crear una pool de conexiones: La clase del driver para su base de datos ("com.mysql.cj.jdbc.Driver") no se encuentra en el CLASSPATH. Por favor, compruebe que el CLASSPATH es correcto, y que también lo es el nombre de la clase del driver JDBC.
	at org.datanucleus.store.rdbms.ConnectionFactoryImpl.generateDataSource(ConnectionFactoryImpl.java:273)
	at org.datanucleus.store.rdbms.ConnectionFactoryImpl.initialiseDataSource(ConnectionFactoryImpl.java:126)
	at org.datanucleus.store.rdbms.ConnectionFactoryImpl.<init>(ConnectionFactoryImpl.java:91)
	... 22 more
Caused by: org.datanucleus.store.rdbms.connectionpool.DatastoreDriverNotFoundException: La clase del driver para su base de datos ("com.mysql.cj.jdbc.Driver") no se encuentra en el CLASSPATH. Por favor, compruebe que el CLASSPATH es correcto, y que también lo es el nombre de la clase del driver JDBC.
	at org.datanucleus.store.rdbms.connectionpool.AbstractConnectionPoolFactory.loadDriver(AbstractConnectionPoolFactory.java:58)
	at org.datanucleus.store.rdbms.connectionpool.DBCP2BuiltinConnectionPoolFactory.createConnectionPool(DBCP2BuiltinConnectionPoolFactory.java:50)
	at org.datanucleus.store.rdbms.ConnectionFactoryImpl.generateDataSource(ConnectionFactoryImpl.java:254)
	... 24 more
13:26:34,329 (main) INFO  [DataNucleus.SchemaTool] - DataNucleus SchemaTool : Creación del esquema para clases
13:26:34,329 (main) INFO  [DataNucleus.SchemaTool] - DataNucleus SchemaTool : Classpath
13:26:34,329 (main) INFO  [DataNucleus.SchemaTool] - >>  C:\Users\Carlos\.m2\repository\org\datanucleus\datanucleus-maven-plugin\5.0.2\datanucleus-maven-plugin-5.0.2.jar
13:26:34,329 (main) INFO  [DataNucleus.SchemaTool] - >>  C:\Users\Carlos\.m2\repository\org\codehaus\plexus\plexus-utils\3.0.8\plexus-utils-3.0.8.jar
13:26:34,329 (main) INFO  [DataNucleus.SchemaTool] - >>  C:\Users\Carlos\.m2\repository\org\apache\maven\maven-artifact\3.0.4\maven-artifact-3.0.4.jar
13:26:34,329 (main) INFO  [DataNucleus.SchemaTool] - >>  C:\Users\Carlos\.m2\repository\org\apache\maven\maven-plugin-api\3.0.4\maven-plugin-api-3.0.4.jar
13:26:34,329 (main) INFO  [DataNucleus.SchemaTool] - >>  C:\Users\Carlos\.m2\repository\org\apache\maven\maven-model\3.0.4\maven-model-3.0.4.jar
13:26:34,329 (main) INFO  [DataNucleus.SchemaTool] - >>  C:\Users\Carlos\.m2\repository\org\sonatype\sisu\sisu-inject-plexus\2.3.0\sisu-inject-plexus-2.3.0.jar
13:26:34,329 (main) INFO  [DataNucleus.SchemaTool] - >>  C:\Users\Carlos\.m2\repository\org\codehaus\plexus\plexus-component-annotations\1.5.5\plexus-component-annotations-1.5.5.jar
13:26:34,329 (main) INFO  [DataNucleus.SchemaTool] - >>  C:\Users\Carlos\.m2\repository\org\sonatype\sisu\sisu-inject-bean\2.3.0\sisu-inject-bean-2.3.0.jar
13:26:34,329 (main) INFO  [DataNucleus.SchemaTool] - >>  C:\Users\Carlos\.m2\repository\org\sonatype\sisu\sisu-guice\3.1.0\sisu-guice-3.1.0-no_aop.jar
13:26:34,329 (main) INFO  [DataNucleus.SchemaTool] - >>  C:\Users\Carlos\.m2\repository\org\sonatype\sisu\sisu-guava\0.9.9\sisu-guava-0.9.9.jar
13:26:34,329 (main) INFO  [DataNucleus.SchemaTool] - >>  C:\Users\Carlos\.m2\repository\org\codehaus\plexus\plexus-container-default\1.5.5\plexus-container-default-1.5.5.jar
13:26:34,329 (main) INFO  [DataNucleus.SchemaTool] - >>  C:\Users\Carlos\.m2\repository\org\codehaus\plexus\plexus-classworlds\2.2.2\plexus-classworlds-2.2.2.jar
13:26:34,329 (main) INFO  [DataNucleus.SchemaTool] - >>  C:\Users\Carlos\.m2\repository\org\apache\xbean\xbean-reflect\3.4\xbean-reflect-3.4.jar
13:26:34,329 (main) INFO  [DataNucleus.SchemaTool] - >>  C:\Users\Carlos\.m2\repository\log4j\log4j\1.2.12\log4j-1.2.12.jar
13:26:34,329 (main) INFO  [DataNucleus.SchemaTool] - >>  C:\Users\Carlos\.m2\repository\commons-logging\commons-logging-api\1.1\commons-logging-api-1.1.jar
13:26:34,329 (main) INFO  [DataNucleus.SchemaTool] - >>  C:\Users\Carlos\.m2\repository\com\google\collections\google-collections\1.0\google-collections-1.0.jar
13:26:34,329 (main) INFO  [DataNucleus.SchemaTool] - >>  C:\Users\Carlos\.m2\repository\junit\junit\3.8.2\junit-3.8.2.jar
13:26:34,329 (main) INFO  [DataNucleus.SchemaTool] - >>  C:\Users\Carlos\Documents\proyectoSoftware\deustoReventa\target\classes
13:26:34,329 (main) INFO  [DataNucleus.SchemaTool] - >>  C:\Users\Carlos\.m2\repository\org\datanucleus\datanucleus-core\5.2.10\datanucleus-core-5.2.10.jar
13:26:34,329 (main) INFO  [DataNucleus.SchemaTool] - >>  C:\Users\Carlos\.m2\repository\org\datanucleus\datanucleus-api-jdo\5.2.8\datanucleus-api-jdo-5.2.8.jar
13:26:34,329 (main) INFO  [DataNucleus.SchemaTool] - >>  C:\Users\Carlos\.m2\repository\log4j\log4j\1.2.17\log4j-1.2.17.jar
13:26:34,329 (main) INFO  [DataNucleus.SchemaTool] - >>  C:\Users\Carlos\.m2\repository\org\datanucleus\javax.jdo\3.2.0-release\javax.jdo-3.2.0-release.jar
13:26:34,329 (main) INFO  [DataNucleus.SchemaTool] - >>  C:\Users\Carlos\.m2\repository\javax\transaction\javax.transaction-api\1.3\javax.transaction-api-1.3.jar
13:26:34,329 (main) INFO  [DataNucleus.SchemaTool] - >>  C:\Users\Carlos\.m2\repository\org\glassfish\corba\glassfish-corba-omgapi\4.2.2\glassfish-corba-omgapi-4.2.2.jar
13:26:34,329 (main) INFO  [DataNucleus.SchemaTool] - >>  C:\Users\Carlos\.m2\repository\org\datanucleus\datanucleus-rdbms\5.2.10\datanucleus-rdbms-5.2.10.jar
13:26:34,329 (main) INFO  [DataNucleus.SchemaTool] - >>  C:\Users\Carlos\.m2\repository\mysql\mysql-connector-java\5.1.17\mysql-connector-java-5.1.17.jar
13:26:34,334 (main) DEBUG [DataNucleus.General] - Using PluginRegistry org.datanucleus.plugin.NonManagedPluginRegistry
13:26:34,350 (main) DEBUG [DataNucleus.General] - Registering bundle org.sonatype.inject version 2.3.0 at URL file:/C:/Users/Carlos/.m2/repository/org/sonatype/sisu/sisu-inject-bean/2.3.0/sisu-inject-bean-2.3.0.jar.
13:26:34,365 (main) DEBUG [DataNucleus.General] - Leyendo extension-points y extensiones del archivo de plug-in jar:file:/C:/Users/Carlos/.m2/repository/org/sonatype/sisu/sisu-inject-bean/2.3.0/sisu-inject-bean-2.3.0.jar!/plugin.xml.
13:26:34,365 (main) DEBUG [DataNucleus.General] - Registering bundle org.datanucleus version 5.2.10 at URL file:/C:/Users/Carlos/.m2/repository/org/datanucleus/datanucleus-core/5.2.10/datanucleus-core-5.2.10.jar.
13:26:34,365 (main) DEBUG [DataNucleus.General] - Leyendo extension-points y extensiones del archivo de plug-in jar:file:/C:/Users/Carlos/.m2/repository/org/datanucleus/datanucleus-core/5.2.10/datanucleus-core-5.2.10.jar!/plugin.xml.
13:26:34,365 (main) DEBUG [DataNucleus.General] - Registering bundle org.datanucleus.api.jdo version 5.2.8 at URL file:/C:/Users/Carlos/.m2/repository/org/datanucleus/datanucleus-api-jdo/5.2.8/datanucleus-api-jdo-5.2.8.jar.
13:26:34,381 (main) DEBUG [DataNucleus.General] - Leyendo extension-points y extensiones del archivo de plug-in jar:file:/C:/Users/Carlos/.m2/repository/org/datanucleus/datanucleus-api-jdo/5.2.8/datanucleus-api-jdo-5.2.8.jar!/plugin.xml.
13:26:34,381 (main) DEBUG [DataNucleus.General] - Registering bundle org.datanucleus.store.rdbms version 5.2.10 at URL file:/C:/Users/Carlos/.m2/repository/org/datanucleus/datanucleus-rdbms/5.2.10/datanucleus-rdbms-5.2.10.jar.
13:26:34,381 (main) DEBUG [DataNucleus.General] - Leyendo extension-points y extensiones del archivo de plug-in jar:file:/C:/Users/Carlos/.m2/repository/org/datanucleus/datanucleus-rdbms/5.2.10/datanucleus-rdbms-5.2.10.jar!/plugin.xml.
13:26:34,396 (main) INFO  [DataNucleus.Persistence] - Propiedad datanucleus.validateconstraints desconocida - vamos a ignorarla
13:26:34,396 (main) INFO  [DataNucleus.Persistence] - Propiedad datanucleus.metadata.validate desconocida - vamos a ignorarla
13:26:34,396 (main) INFO  [DataNucleus.Persistence] - Propiedad datanucleus.validatetables desconocida - vamos a ignorarla
13:26:34,396 (main) DEBUG [DataNucleus.Datastore] - Creating StoreManager for datastore
13:26:34,418 (main) ERROR [DataNucleus.Datastore] - Exception thrown creating StoreManager : La clase del driver para su base de datos ("com.mysql.cj.jdbc.Driver") no se encuentra en el CLASSPATH. Por favor, compruebe que el CLASSPATH es correcto, y que también lo es el nombre de la clase del driver JDBC.
13:26:34,418 (main) ERROR [DataNucleus.SchemaTool] - Error creating NucleusContext
Error creating transactional connection factory
org.datanucleus.exceptions.NucleusException: Error creating transactional connection factory
	at org.datanucleus.store.connection.ConnectionManagerImpl.<init>(ConnectionManagerImpl.java:116)
	at org.datanucleus.store.AbstractStoreManager.registerConnectionMgr(AbstractStoreManager.java:168)
	at org.datanucleus.store.AbstractStoreManager.<init>(AbstractStoreManager.java:149)
	at org.datanucleus.store.rdbms.RDBMSStoreManager.<init>(RDBMSStoreManager.java:278)
	at java.base/jdk.internal.reflect.NativeConstructorAccessorImpl.newInstance0(Native Method)
	at java.base/jdk.internal.reflect.NativeConstructorAccessorImpl.newInstance(NativeConstructorAccessorImpl.java:77)
	at java.base/jdk.internal.reflect.DelegatingConstructorAccessorImpl.newInstance(DelegatingConstructorAccessorImpl.java:45)
	at java.base/java.lang.reflect.Constructor.newInstanceWithCaller(Constructor.java:499)
	at java.base/java.lang.reflect.Constructor.newInstance(Constructor.java:480)
	at org.datanucleus.plugin.NonManagedPluginRegistry.createExecutableExtension(NonManagedPluginRegistry.java:651)
	at org.datanucleus.plugin.PluginManager.createExecutableExtension(PluginManager.java:295)
	at org.datanucleus.NucleusContextHelper.createStoreManagerForProperties(NucleusContextHelper.java:140)
	at org.datanucleus.PersistenceNucleusContextImpl.initialise(PersistenceNucleusContextImpl.java:447)
	at org.datanucleus.store.schema.SchemaTool.getNucleusContextForMode(SchemaTool.java:728)
	at org.datanucleus.store.schema.SchemaTool.main(SchemaTool.java:299)
Caused by: java.lang.reflect.InvocationTargetException
	at java.base/jdk.internal.reflect.NativeConstructorAccessorImpl.newInstance0(Native Method)
	at java.base/jdk.internal.reflect.NativeConstructorAccessorImpl.newInstance(NativeConstructorAccessorImpl.java:77)
	at java.base/jdk.internal.reflect.DelegatingConstructorAccessorImpl.newInstance(DelegatingConstructorAccessorImpl.java:45)
	at java.base/java.lang.reflect.Constructor.newInstanceWithCaller(Constructor.java:499)
	at java.base/java.lang.reflect.Constructor.newInstance(Constructor.java:480)
	at org.datanucleus.plugin.NonManagedPluginRegistry.createExecutableExtension(NonManagedPluginRegistry.java:651)
	at org.datanucleus.plugin.PluginManager.createExecutableExtension(PluginManager.java:321)
	at org.datanucleus.store.connection.ConnectionManagerImpl.<init>(ConnectionManagerImpl.java:99)
	... 14 more
Caused by: org.datanucleus.exceptions.NucleusException: Ocurrió un error al intentar usar el plugin "dbcp2-builtin" por crear una pool de conexiones: La clase del driver para su base de datos ("com.mysql.cj.jdbc.Driver") no se encuentra en el CLASSPATH. Por favor, compruebe que el CLASSPATH es correcto, y que también lo es el nombre de la clase del driver JDBC.
	at org.datanucleus.store.rdbms.ConnectionFactoryImpl.generateDataSource(ConnectionFactoryImpl.java:273)
	at org.datanucleus.store.rdbms.ConnectionFactoryImpl.initialiseDataSource(ConnectionFactoryImpl.java:126)
	at org.datanucleus.store.rdbms.ConnectionFactoryImpl.<init>(ConnectionFactoryImpl.java:91)
	... 22 more
Caused by: org.datanucleus.store.rdbms.connectionpool.DatastoreDriverNotFoundException: La clase del driver para su base de datos ("com.mysql.cj.jdbc.Driver") no se encuentra en el CLASSPATH. Por favor, compruebe que el CLASSPATH es correcto, y que también lo es el nombre de la clase del driver JDBC.
	at org.datanucleus.store.rdbms.connectionpool.AbstractConnectionPoolFactory.loadDriver(AbstractConnectionPoolFactory.java:58)
	at org.datanucleus.store.rdbms.connectionpool.DBCP2BuiltinConnectionPoolFactory.createConnectionPool(DBCP2BuiltinConnectionPoolFactory.java:50)
	at org.datanucleus.store.rdbms.ConnectionFactoryImpl.generateDataSource(ConnectionFactoryImpl.java:254)
	... 24 more
Nested Throwables StackTrace:
java.lang.reflect.InvocationTargetException
	at java.base/jdk.internal.reflect.NativeConstructorAccessorImpl.newInstance0(Native Method)
	at java.base/jdk.internal.reflect.NativeConstructorAccessorImpl.newInstance(NativeConstructorAccessorImpl.java:77)
	at java.base/jdk.internal.reflect.DelegatingConstructorAccessorImpl.newInstance(DelegatingConstructorAccessorImpl.java:45)
	at java.base/java.lang.reflect.Constructor.newInstanceWithCaller(Constructor.java:499)
	at java.base/java.lang.reflect.Constructor.newInstance(Constructor.java:480)
	at org.datanucleus.plugin.NonManagedPluginRegistry.createExecutableExtension(NonManagedPluginRegistry.java:651)
	at org.datanucleus.plugin.PluginManager.createExecutableExtension(PluginManager.java:321)
	at org.datanucleus.store.connection.ConnectionManagerImpl.<init>(ConnectionManagerImpl.java:99)
	at org.datanucleus.store.AbstractStoreManager.registerConnectionMgr(AbstractStoreManager.java:168)
	at org.datanucleus.store.AbstractStoreManager.<init>(AbstractStoreManager.java:149)
	at org.datanucleus.store.rdbms.RDBMSStoreManager.<init>(RDBMSStoreManager.java:278)
	at java.base/jdk.internal.reflect.NativeConstructorAccessorImpl.newInstance0(Native Method)
	at java.base/jdk.internal.reflect.NativeConstructorAccessorImpl.newInstance(NativeConstructorAccessorImpl.java:77)
	at java.base/jdk.internal.reflect.DelegatingConstructorAccessorImpl.newInstance(DelegatingConstructorAccessorImpl.java:45)
	at java.base/java.lang.reflect.Constructor.newInstanceWithCaller(Constructor.java:499)
	at java.base/java.lang.reflect.Constructor.newInstance(Constructor.java:480)
	at org.datanucleus.plugin.NonManagedPluginRegistry.createExecutableExtension(NonManagedPluginRegistry.java:651)
	at org.datanucleus.plugin.PluginManager.createExecutableExtension(PluginManager.java:295)
	at org.datanucleus.NucleusContextHelper.createStoreManagerForProperties(NucleusContextHelper.java:140)
	at org.datanucleus.PersistenceNucleusContextImpl.initialise(PersistenceNucleusContextImpl.java:447)
	at org.datanucleus.store.schema.SchemaTool.getNucleusContextForMode(SchemaTool.java:728)
	at org.datanucleus.store.schema.SchemaTool.main(SchemaTool.java:299)
Caused by: org.datanucleus.exceptions.NucleusException: Ocurrió un error al intentar usar el plugin "dbcp2-builtin" por crear una pool de conexiones: La clase del driver para su base de datos ("com.mysql.cj.jdbc.Driver") no se encuentra en el CLASSPATH. Por favor, compruebe que el CLASSPATH es correcto, y que también lo es el nombre de la clase del driver JDBC.
	at org.datanucleus.store.rdbms.ConnectionFactoryImpl.generateDataSource(ConnectionFactoryImpl.java:273)
	at org.datanucleus.store.rdbms.ConnectionFactoryImpl.initialiseDataSource(ConnectionFactoryImpl.java:126)
	at org.datanucleus.store.rdbms.ConnectionFactoryImpl.<init>(ConnectionFactoryImpl.java:91)
	... 22 more
Caused by: org.datanucleus.store.rdbms.connectionpool.DatastoreDriverNotFoundException: La clase del driver para su base de datos ("com.mysql.cj.jdbc.Driver") no se encuentra en el CLASSPATH. Por favor, compruebe que el CLASSPATH es correcto, y que también lo es el nombre de la clase del driver JDBC.
	at org.datanucleus.store.rdbms.connectionpool.AbstractConnectionPoolFactory.loadDriver(AbstractConnectionPoolFactory.java:58)
	at org.datanucleus.store.rdbms.connectionpool.DBCP2BuiltinConnectionPoolFactory.createConnectionPool(DBCP2BuiltinConnectionPoolFactory.java:50)
	at org.datanucleus.store.rdbms.ConnectionFactoryImpl.generateDataSource(ConnectionFactoryImpl.java:254)
	... 24 more
13:26:49,273 (main) INFO  [DataNucleus.SchemaTool] - DataNucleus SchemaTool : Creación del esquema para clases
13:26:49,273 (main) INFO  [DataNucleus.SchemaTool] - DataNucleus SchemaTool : Classpath
13:26:49,273 (main) INFO  [DataNucleus.SchemaTool] - >>  C:\Users\Carlos\.m2\repository\org\datanucleus\datanucleus-maven-plugin\5.0.2\datanucleus-maven-plugin-5.0.2.jar
13:26:49,273 (main) INFO  [DataNucleus.SchemaTool] - >>  C:\Users\Carlos\.m2\repository\org\codehaus\plexus\plexus-utils\3.0.8\plexus-utils-3.0.8.jar
13:26:49,273 (main) INFO  [DataNucleus.SchemaTool] - >>  C:\Users\Carlos\.m2\repository\org\apache\maven\maven-artifact\3.0.4\maven-artifact-3.0.4.jar
13:26:49,273 (main) INFO  [DataNucleus.SchemaTool] - >>  C:\Users\Carlos\.m2\repository\org\apache\maven\maven-plugin-api\3.0.4\maven-plugin-api-3.0.4.jar
13:26:49,273 (main) INFO  [DataNucleus.SchemaTool] - >>  C:\Users\Carlos\.m2\repository\org\apache\maven\maven-model\3.0.4\maven-model-3.0.4.jar
13:26:49,273 (main) INFO  [DataNucleus.SchemaTool] - >>  C:\Users\Carlos\.m2\repository\org\sonatype\sisu\sisu-inject-plexus\2.3.0\sisu-inject-plexus-2.3.0.jar
13:26:49,273 (main) INFO  [DataNucleus.SchemaTool] - >>  C:\Users\Carlos\.m2\repository\org\codehaus\plexus\plexus-component-annotations\1.5.5\plexus-component-annotations-1.5.5.jar
13:26:49,273 (main) INFO  [DataNucleus.SchemaTool] - >>  C:\Users\Carlos\.m2\repository\org\sonatype\sisu\sisu-inject-bean\2.3.0\sisu-inject-bean-2.3.0.jar
13:26:49,273 (main) INFO  [DataNucleus.SchemaTool] - >>  C:\Users\Carlos\.m2\repository\org\sonatype\sisu\sisu-guice\3.1.0\sisu-guice-3.1.0-no_aop.jar
13:26:49,273 (main) INFO  [DataNucleus.SchemaTool] - >>  C:\Users\Carlos\.m2\repository\org\sonatype\sisu\sisu-guava\0.9.9\sisu-guava-0.9.9.jar
13:26:49,273 (main) INFO  [DataNucleus.SchemaTool] - >>  C:\Users\Carlos\.m2\repository\org\codehaus\plexus\plexus-container-default\1.5.5\plexus-container-default-1.5.5.jar
13:26:49,273 (main) INFO  [DataNucleus.SchemaTool] - >>  C:\Users\Carlos\.m2\repository\org\codehaus\plexus\plexus-classworlds\2.2.2\plexus-classworlds-2.2.2.jar
13:26:49,273 (main) INFO  [DataNucleus.SchemaTool] - >>  C:\Users\Carlos\.m2\repository\org\apache\xbean\xbean-reflect\3.4\xbean-reflect-3.4.jar
13:26:49,273 (main) INFO  [DataNucleus.SchemaTool] - >>  C:\Users\Carlos\.m2\repository\log4j\log4j\1.2.12\log4j-1.2.12.jar
13:26:49,273 (main) INFO  [DataNucleus.SchemaTool] - >>  C:\Users\Carlos\.m2\repository\commons-logging\commons-logging-api\1.1\commons-logging-api-1.1.jar
13:26:49,273 (main) INFO  [DataNucleus.SchemaTool] - >>  C:\Users\Carlos\.m2\repository\com\google\collections\google-collections\1.0\google-collections-1.0.jar
13:26:49,273 (main) INFO  [DataNucleus.SchemaTool] - >>  C:\Users\Carlos\.m2\repository\junit\junit\3.8.2\junit-3.8.2.jar
13:26:49,273 (main) INFO  [DataNucleus.SchemaTool] - >>  C:\Users\Carlos\Documents\proyectoSoftware\deustoReventa\target\classes
13:26:49,273 (main) INFO  [DataNucleus.SchemaTool] - >>  C:\Users\Carlos\.m2\repository\org\datanucleus\datanucleus-core\5.2.10\datanucleus-core-5.2.10.jar
13:26:49,273 (main) INFO  [DataNucleus.SchemaTool] - >>  C:\Users\Carlos\.m2\repository\org\datanucleus\datanucleus-api-jdo\5.2.8\datanucleus-api-jdo-5.2.8.jar
13:26:49,273 (main) INFO  [DataNucleus.SchemaTool] - >>  C:\Users\Carlos\.m2\repository\log4j\log4j\1.2.17\log4j-1.2.17.jar
13:26:49,273 (main) INFO  [DataNucleus.SchemaTool] - >>  C:\Users\Carlos\.m2\repository\org\datanucleus\javax.jdo\3.2.0-release\javax.jdo-3.2.0-release.jar
13:26:49,273 (main) INFO  [DataNucleus.SchemaTool] - >>  C:\Users\Carlos\.m2\repository\javax\transaction\javax.transaction-api\1.3\javax.transaction-api-1.3.jar
13:26:49,273 (main) INFO  [DataNucleus.SchemaTool] - >>  C:\Users\Carlos\.m2\repository\org\glassfish\corba\glassfish-corba-omgapi\4.2.2\glassfish-corba-omgapi-4.2.2.jar
13:26:49,273 (main) INFO  [DataNucleus.SchemaTool] - >>  C:\Users\Carlos\.m2\repository\org\datanucleus\datanucleus-rdbms\5.2.10\datanucleus-rdbms-5.2.10.jar
13:26:49,273 (main) INFO  [DataNucleus.SchemaTool] - >>  C:\Users\Carlos\.m2\repository\mysql\mysql-connector-java\5.1.17\mysql-connector-java-5.1.17.jar
13:26:49,289 (main) DEBUG [DataNucleus.General] - Using PluginRegistry org.datanucleus.plugin.NonManagedPluginRegistry
13:26:49,305 (main) DEBUG [DataNucleus.General] - Registering bundle org.sonatype.inject version 2.3.0 at URL file:/C:/Users/Carlos/.m2/repository/org/sonatype/sisu/sisu-inject-bean/2.3.0/sisu-inject-bean-2.3.0.jar.
13:26:49,320 (main) DEBUG [DataNucleus.General] - Leyendo extension-points y extensiones del archivo de plug-in jar:file:/C:/Users/Carlos/.m2/repository/org/sonatype/sisu/sisu-inject-bean/2.3.0/sisu-inject-bean-2.3.0.jar!/plugin.xml.
13:26:49,320 (main) DEBUG [DataNucleus.General] - Registering bundle org.datanucleus version 5.2.10 at URL file:/C:/Users/Carlos/.m2/repository/org/datanucleus/datanucleus-core/5.2.10/datanucleus-core-5.2.10.jar.
13:26:49,320 (main) DEBUG [DataNucleus.General] - Leyendo extension-points y extensiones del archivo de plug-in jar:file:/C:/Users/Carlos/.m2/repository/org/datanucleus/datanucleus-core/5.2.10/datanucleus-core-5.2.10.jar!/plugin.xml.
13:26:49,320 (main) DEBUG [DataNucleus.General] - Registering bundle org.datanucleus.api.jdo version 5.2.8 at URL file:/C:/Users/Carlos/.m2/repository/org/datanucleus/datanucleus-api-jdo/5.2.8/datanucleus-api-jdo-5.2.8.jar.
13:26:49,336 (main) DEBUG [DataNucleus.General] - Leyendo extension-points y extensiones del archivo de plug-in jar:file:/C:/Users/Carlos/.m2/repository/org/datanucleus/datanucleus-api-jdo/5.2.8/datanucleus-api-jdo-5.2.8.jar!/plugin.xml.
13:26:49,336 (main) DEBUG [DataNucleus.General] - Registering bundle org.datanucleus.store.rdbms version 5.2.10 at URL file:/C:/Users/Carlos/.m2/repository/org/datanucleus/datanucleus-rdbms/5.2.10/datanucleus-rdbms-5.2.10.jar.
13:26:49,336 (main) DEBUG [DataNucleus.General] - Leyendo extension-points y extensiones del archivo de plug-in jar:file:/C:/Users/Carlos/.m2/repository/org/datanucleus/datanucleus-rdbms/5.2.10/datanucleus-rdbms-5.2.10.jar!/plugin.xml.
13:26:49,336 (main) INFO  [DataNucleus.Persistence] - Propiedad datanucleus.validateconstraints desconocida - vamos a ignorarla
13:26:49,336 (main) INFO  [DataNucleus.Persistence] - Propiedad datanucleus.metadata.validate desconocida - vamos a ignorarla
13:26:49,336 (main) INFO  [DataNucleus.Persistence] - Propiedad datanucleus.validatetables desconocida - vamos a ignorarla
13:26:49,336 (main) DEBUG [DataNucleus.Datastore] - Creating StoreManager for datastore
13:26:49,367 (main) ERROR [DataNucleus.Datastore] - Exception thrown creating StoreManager : La clase del driver para su base de datos ("com.mysql.cj.jdbc.Driver") no se encuentra en el CLASSPATH. Por favor, compruebe que el CLASSPATH es correcto, y que también lo es el nombre de la clase del driver JDBC.
13:26:49,367 (main) ERROR [DataNucleus.SchemaTool] - Error creating NucleusContext
Error creating transactional connection factory
org.datanucleus.exceptions.NucleusException: Error creating transactional connection factory
	at org.datanucleus.store.connection.ConnectionManagerImpl.<init>(ConnectionManagerImpl.java:116)
	at org.datanucleus.store.AbstractStoreManager.registerConnectionMgr(AbstractStoreManager.java:168)
	at org.datanucleus.store.AbstractStoreManager.<init>(AbstractStoreManager.java:149)
	at org.datanucleus.store.rdbms.RDBMSStoreManager.<init>(RDBMSStoreManager.java:278)
	at java.base/jdk.internal.reflect.NativeConstructorAccessorImpl.newInstance0(Native Method)
	at java.base/jdk.internal.reflect.NativeConstructorAccessorImpl.newInstance(NativeConstructorAccessorImpl.java:77)
	at java.base/jdk.internal.reflect.DelegatingConstructorAccessorImpl.newInstance(DelegatingConstructorAccessorImpl.java:45)
	at java.base/java.lang.reflect.Constructor.newInstanceWithCaller(Constructor.java:499)
	at java.base/java.lang.reflect.Constructor.newInstance(Constructor.java:480)
	at org.datanucleus.plugin.NonManagedPluginRegistry.createExecutableExtension(NonManagedPluginRegistry.java:651)
	at org.datanucleus.plugin.PluginManager.createExecutableExtension(PluginManager.java:295)
	at org.datanucleus.NucleusContextHelper.createStoreManagerForProperties(NucleusContextHelper.java:140)
	at org.datanucleus.PersistenceNucleusContextImpl.initialise(PersistenceNucleusContextImpl.java:447)
	at org.datanucleus.store.schema.SchemaTool.getNucleusContextForMode(SchemaTool.java:728)
	at org.datanucleus.store.schema.SchemaTool.main(SchemaTool.java:299)
Caused by: java.lang.reflect.InvocationTargetException
	at java.base/jdk.internal.reflect.NativeConstructorAccessorImpl.newInstance0(Native Method)
	at java.base/jdk.internal.reflect.NativeConstructorAccessorImpl.newInstance(NativeConstructorAccessorImpl.java:77)
	at java.base/jdk.internal.reflect.DelegatingConstructorAccessorImpl.newInstance(DelegatingConstructorAccessorImpl.java:45)
	at java.base/java.lang.reflect.Constructor.newInstanceWithCaller(Constructor.java:499)
	at java.base/java.lang.reflect.Constructor.newInstance(Constructor.java:480)
	at org.datanucleus.plugin.NonManagedPluginRegistry.createExecutableExtension(NonManagedPluginRegistry.java:651)
	at org.datanucleus.plugin.PluginManager.createExecutableExtension(PluginManager.java:321)
	at org.datanucleus.store.connection.ConnectionManagerImpl.<init>(ConnectionManagerImpl.java:99)
	... 14 more
Caused by: org.datanucleus.exceptions.NucleusException: Ocurrió un error al intentar usar el plugin "dbcp2-builtin" por crear una pool de conexiones: La clase del driver para su base de datos ("com.mysql.cj.jdbc.Driver") no se encuentra en el CLASSPATH. Por favor, compruebe que el CLASSPATH es correcto, y que también lo es el nombre de la clase del driver JDBC.
	at org.datanucleus.store.rdbms.ConnectionFactoryImpl.generateDataSource(ConnectionFactoryImpl.java:273)
	at org.datanucleus.store.rdbms.ConnectionFactoryImpl.initialiseDataSource(ConnectionFactoryImpl.java:126)
	at org.datanucleus.store.rdbms.ConnectionFactoryImpl.<init>(ConnectionFactoryImpl.java:91)
	... 22 more
Caused by: org.datanucleus.store.rdbms.connectionpool.DatastoreDriverNotFoundException: La clase del driver para su base de datos ("com.mysql.cj.jdbc.Driver") no se encuentra en el CLASSPATH. Por favor, compruebe que el CLASSPATH es correcto, y que también lo es el nombre de la clase del driver JDBC.
	at org.datanucleus.store.rdbms.connectionpool.AbstractConnectionPoolFactory.loadDriver(AbstractConnectionPoolFactory.java:58)
	at org.datanucleus.store.rdbms.connectionpool.DBCP2BuiltinConnectionPoolFactory.createConnectionPool(DBCP2BuiltinConnectionPoolFactory.java:50)
	at org.datanucleus.store.rdbms.ConnectionFactoryImpl.generateDataSource(ConnectionFactoryImpl.java:254)
	... 24 more
Nested Throwables StackTrace:
java.lang.reflect.InvocationTargetException
	at java.base/jdk.internal.reflect.NativeConstructorAccessorImpl.newInstance0(Native Method)
	at java.base/jdk.internal.reflect.NativeConstructorAccessorImpl.newInstance(NativeConstructorAccessorImpl.java:77)
	at java.base/jdk.internal.reflect.DelegatingConstructorAccessorImpl.newInstance(DelegatingConstructorAccessorImpl.java:45)
	at java.base/java.lang.reflect.Constructor.newInstanceWithCaller(Constructor.java:499)
	at java.base/java.lang.reflect.Constructor.newInstance(Constructor.java:480)
	at org.datanucleus.plugin.NonManagedPluginRegistry.createExecutableExtension(NonManagedPluginRegistry.java:651)
	at org.datanucleus.plugin.PluginManager.createExecutableExtension(PluginManager.java:321)
	at org.datanucleus.store.connection.ConnectionManagerImpl.<init>(ConnectionManagerImpl.java:99)
	at org.datanucleus.store.AbstractStoreManager.registerConnectionMgr(AbstractStoreManager.java:168)
	at org.datanucleus.store.AbstractStoreManager.<init>(AbstractStoreManager.java:149)
	at org.datanucleus.store.rdbms.RDBMSStoreManager.<init>(RDBMSStoreManager.java:278)
	at java.base/jdk.internal.reflect.NativeConstructorAccessorImpl.newInstance0(Native Method)
	at java.base/jdk.internal.reflect.NativeConstructorAccessorImpl.newInstance(NativeConstructorAccessorImpl.java:77)
	at java.base/jdk.internal.reflect.DelegatingConstructorAccessorImpl.newInstance(DelegatingConstructorAccessorImpl.java:45)
	at java.base/java.lang.reflect.Constructor.newInstanceWithCaller(Constructor.java:499)
	at java.base/java.lang.reflect.Constructor.newInstance(Constructor.java:480)
	at org.datanucleus.plugin.NonManagedPluginRegistry.createExecutableExtension(NonManagedPluginRegistry.java:651)
	at org.datanucleus.plugin.PluginManager.createExecutableExtension(PluginManager.java:295)
	at org.datanucleus.NucleusContextHelper.createStoreManagerForProperties(NucleusContextHelper.java:140)
	at org.datanucleus.PersistenceNucleusContextImpl.initialise(PersistenceNucleusContextImpl.java:447)
	at org.datanucleus.store.schema.SchemaTool.getNucleusContextForMode(SchemaTool.java:728)
	at org.datanucleus.store.schema.SchemaTool.main(SchemaTool.java:299)
Caused by: org.datanucleus.exceptions.NucleusException: Ocurrió un error al intentar usar el plugin "dbcp2-builtin" por crear una pool de conexiones: La clase del driver para su base de datos ("com.mysql.cj.jdbc.Driver") no se encuentra en el CLASSPATH. Por favor, compruebe que el CLASSPATH es correcto, y que también lo es el nombre de la clase del driver JDBC.
	at org.datanucleus.store.rdbms.ConnectionFactoryImpl.generateDataSource(ConnectionFactoryImpl.java:273)
	at org.datanucleus.store.rdbms.ConnectionFactoryImpl.initialiseDataSource(ConnectionFactoryImpl.java:126)
	at org.datanucleus.store.rdbms.ConnectionFactoryImpl.<init>(ConnectionFactoryImpl.java:91)
	... 22 more
Caused by: org.datanucleus.store.rdbms.connectionpool.DatastoreDriverNotFoundException: La clase del driver para su base de datos ("com.mysql.cj.jdbc.Driver") no se encuentra en el CLASSPATH. Por favor, compruebe que el CLASSPATH es correcto, y que también lo es el nombre de la clase del driver JDBC.
	at org.datanucleus.store.rdbms.connectionpool.AbstractConnectionPoolFactory.loadDriver(AbstractConnectionPoolFactory.java:58)
	at org.datanucleus.store.rdbms.connectionpool.DBCP2BuiltinConnectionPoolFactory.createConnectionPool(DBCP2BuiltinConnectionPoolFactory.java:50)
	at org.datanucleus.store.rdbms.ConnectionFactoryImpl.generateDataSource(ConnectionFactoryImpl.java:254)
	... 24 more
